2025-10-20 09:41:57,969 [INFO] Activator:176 - 


2025-10-20 09:41:57,976 [INFO] Activator:177 - !SESSION log4j initialized
2025-10-20 09:42:04,555 [INFO] LogOutputStream:77 - [STDOUT_REDIRECT] 
2025-10-20 09:42:05,832 [INFO] ApplicationProperties:184 - Using Application install path: C:\ST\STM32CubeIDE_1.19.0\STM32CubeIDE\plugins\com.st.stm32cube.common.mx_6.15.0.202507011659
2025-10-20 09:42:05,859 [INFO] DbMcusXml:78 - Set database path to: C:\ST\STM32CubeIDE_1.19.0\STM32CubeIDE\plugins\com.st.stm32cube.common.mx_6.15.0.202507011659\\db\/mcu/
2025-10-20 09:42:05,860 [INFO] ApiDb:274 - Set plugin database path to: C:\ST\STM32CubeIDE_1.19.0\STM32CubeIDE\plugins\com.st.stm32cube.common.mx_6.15.0.202507011659\\db\/plugins/boardmanager/
2025-10-20 09:42:05,860 [WARN] ApiDb:259 - Overriding images path with different value:  => C:\ST\STM32CubeIDE_1.19.0\STM32CubeIDE\plugins\com.st.stm32cube.common.mx_6.15.0.202507011659\\db\/plugins/mcufinder/images/
2025-10-20 09:42:05,874 [INFO] ApiDb:250 - Set database path to: C:\Users\favas\.stmcufinder\plugins\mcufinder//mcu/
2025-10-20 09:42:05,876 [INFO] DbMcusAds:125 - Set database path to: C:\Users\favas\.stmcufinder\plugins\mcufinder//mcu/
2025-10-20 09:42:05,882 [INFO] CrossReferenceDbSqlite:203 - Set database path to: C:\Users\favas\.stmcufinder\plugins\mcufinder//mcu/cs/
2025-10-20 09:42:06,085 [INFO] RulesReader:64 - Compatibility file has been processed (317 Rules)
2025-10-20 09:42:06,229 [INFO] DbMcusXml:78 - Set database path to: C:\ST\STM32CubeIDE_1.19.0\STM32CubeIDE\plugins\com.st.stm32cube.common.mx_6.15.0.202507011659\\db\/mcu/
2025-10-20 09:42:06,229 [INFO] ApiDb:274 - Set plugin database path to: C:\ST\STM32CubeIDE_1.19.0\STM32CubeIDE\plugins\com.st.stm32cube.common.mx_6.15.0.202507011659\\db\/plugins/boardmanager/
2025-10-20 09:42:06,230 [INFO] ApiDb:261 - Set plugin images path to: C:\ST\STM32CubeIDE_1.19.0\STM32CubeIDE\plugins\com.st.stm32cube.common.mx_6.15.0.202507011659\\db\/plugins/mcufinder/images/
2025-10-20 09:42:06,230 [WARN] DbFile:41 - Overriding database path with different value: C:\Users\favas\.stmcufinder\plugins\mcufinder/ => C:\Users\favas\.stmcufinder\plugins\mcufinder
2025-10-20 09:42:06,230 [INFO] ApiDb:250 - Set database path to: C:\Users\favas\.stmcufinder\plugins\mcufinder//mcu/
2025-10-20 09:42:06,230 [WARN] DbFile:41 - Overriding database path with different value: C:\Users\favas\.stmcufinder\plugins\mcufinder/ => C:\Users\favas\.stmcufinder\plugins\mcufinder
2025-10-20 09:42:06,230 [INFO] DbMcusAds:125 - Set database path to: C:\Users\favas\.stmcufinder\plugins\mcufinder//mcu/
2025-10-20 09:42:06,230 [WARN] DbFile:41 - Overriding database path with different value: C:\Users\favas\.stmcufinder\plugins\mcufinder/ => C:\Users\favas\.stmcufinder\plugins\mcufinder
2025-10-20 09:42:06,230 [WARN] DbFile:41 - Overriding database path with different value: C:\Users\favas\.stmcufinder\plugins\mcufinder/ => C:\Users\favas\.stmcufinder\plugins\mcufinder
2025-10-20 09:42:06,231 [INFO] CrossReferenceDbSqlite:203 - Set database path to: C:\Users\favas\.stmcufinder\plugins\mcufinder//mcu/cs/
2025-10-20 09:42:06,328 [INFO] MainPanel:274 - HeapMemory: 268435456
2025-10-20 09:42:06,494 [INFO] DbMcusXml:78 - Set database path to: C:\ST\STM32CubeIDE_1.19.0\STM32CubeIDE\plugins\com.st.stm32cube.common.mx_6.15.0.202507011659\\db\/mcu/
2025-10-20 09:42:06,494 [INFO] ApiDb:274 - Set plugin database path to: C:\ST\STM32CubeIDE_1.19.0\STM32CubeIDE\plugins\com.st.stm32cube.common.mx_6.15.0.202507011659\\db\/plugins/boardmanager/
2025-10-20 09:42:06,495 [INFO] ApiDb:261 - Set plugin images path to: C:\ST\STM32CubeIDE_1.19.0\STM32CubeIDE\plugins\com.st.stm32cube.common.mx_6.15.0.202507011659\\db\/plugins/mcufinder/images/
2025-10-20 09:42:06,495 [WARN] DbFile:41 - Overriding database path with different value: C:\Users\favas\.stmcufinder\plugins\mcufinder/ => C:\Users\favas\.stmcufinder\plugins\mcufinder
2025-10-20 09:42:06,495 [INFO] ApiDb:250 - Set database path to: C:\Users\favas\.stmcufinder\plugins\mcufinder//mcu/
2025-10-20 09:42:06,495 [WARN] DbFile:41 - Overriding database path with different value: C:\Users\favas\.stmcufinder\plugins\mcufinder/ => C:\Users\favas\.stmcufinder\plugins\mcufinder
2025-10-20 09:42:06,496 [INFO] DbMcusAds:125 - Set database path to: C:\Users\favas\.stmcufinder\plugins\mcufinder//mcu/
2025-10-20 09:42:06,496 [WARN] DbFile:41 - Overriding database path with different value: C:\Users\favas\.stmcufinder\plugins\mcufinder/ => C:\Users\favas\.stmcufinder\plugins\mcufinder
2025-10-20 09:42:06,496 [WARN] DbFile:41 - Overriding database path with different value: C:\Users\favas\.stmcufinder\plugins\mcufinder/ => C:\Users\favas\.stmcufinder\plugins\mcufinder
2025-10-20 09:42:06,496 [INFO] CrossReferenceDbSqlite:203 - Set database path to: C:\Users\favas\.stmcufinder\plugins\mcufinder//mcu/cs/
2025-10-20 09:42:06,518 [INFO] ApplicationProperties:184 - Using Application install path: C:\ST\STM32CubeIDE_1.19.0\STM32CubeIDE\plugins\com.st.stm32cube.common.mx_6.15.0.202507011659
2025-10-20 09:42:06,520 [INFO] PluginManage:196 - Search for loadable plugins [exclusion list=, ]
2025-10-20 09:42:06,522 [INFO] PluginManage:310 - Check plugin analytics
2025-10-20 09:42:06,749 [INFO] AnalyticsPlugin:253 - Accepted Software Licenses: 
2025-10-20 09:42:06,749 [INFO] AnalyticsPlugin:255 - Accepted CMSIS Pack Licenses: 
2025-10-20 09:42:06,750 [INFO] AnalyticsPlugin:257 - Accepted Firmware Licenses: FW.F4.1.28.0
2025-10-20 09:42:06,754 [INFO] PluginManage:359 - Loaded plugin analytics (category:tool,tabindex:-1)
2025-10-20 09:42:06,754 [INFO] PluginManage:310 - Check plugin cadmodel
2025-10-20 09:42:06,761 [INFO] CADModel:105 - Init CAD model plugin
2025-10-20 09:42:06,761 [INFO] PluginManage:359 - Loaded plugin cadmodel (category:power,tabindex:5)
2025-10-20 09:42:06,762 [INFO] PluginManage:310 - Check plugin clock
2025-10-20 09:42:06,776 [INFO] PluginManage:359 - Loaded plugin clock (category:base,tabindex:2)
2025-10-20 09:42:06,776 [INFO] PluginManage:310 - Check plugin ddr
2025-10-20 09:42:06,780 [INFO] PluginManage:359 - Loaded plugin ddr (category:tool,tabindex:6)
2025-10-20 09:42:06,780 [INFO] PluginManage:310 - Check plugin filemanager
2025-10-20 09:42:06,958 [INFO] PluginManage:359 - Loaded plugin filemanager (category:base,tabindex:10)
2025-10-20 09:42:06,958 [INFO] PluginManage:310 - Check plugin ipmanager
2025-10-20 09:42:06,967 [INFO] PluginManage:359 - Loaded plugin ipmanager (category:base,tabindex:5)
2025-10-20 09:42:06,967 [INFO] PluginManage:310 - Check plugin lpbam
2025-10-20 09:42:06,976 [INFO] PluginManage:359 - Loaded plugin lpbam (category:base,tabindex:0)
2025-10-20 09:42:06,976 [INFO] PluginManage:310 - Check plugin memorymap
2025-10-20 09:42:06,994 [INFO] PluginManage:359 - Loaded plugin memorymap (category:base,tabindex:4)
2025-10-20 09:42:06,994 [INFO] PluginManage:310 - Check plugin pinoutandconfiguration
2025-10-20 09:42:07,006 [INFO] PluginManage:359 - Loaded plugin pinoutandconfiguration (category:base,tabindex:1)
2025-10-20 09:42:07,006 [INFO] PluginManage:310 - Check plugin pinoutconfig
2025-10-20 09:42:07,109 [WARN] SupportedApi:132 - Cannot load RTOS API schema: s4s-elt-must-match.1: The content of 'definitions' must match (annotation?, (simpleType | complexType)?, (unique | key | keyref)*)). A problem was found starting at: attribute.
2025-10-20 09:42:07,268 [INFO] PluginManage:359 - Loaded plugin pinoutconfig (category:base,tabindex:0)
2025-10-20 09:42:07,268 [INFO] PluginManage:310 - Check plugin power
2025-10-20 09:42:07,283 [INFO] PluginManage:359 - Loaded plugin power (category:power,tabindex:4)
2025-10-20 09:42:07,283 [INFO] PluginManage:310 - Check plugin projectmanager
2025-10-20 09:42:07,303 [INFO] PluginManage:359 - Loaded plugin projectmanager (category:projectmanager,tabindex:4)
2025-10-20 09:42:07,303 [INFO] PluginManage:310 - Check plugin rif
2025-10-20 09:42:07,317 [INFO] PluginManage:359 - Loaded plugin rif (category:base,tabindex:3)
2025-10-20 09:42:07,317 [INFO] PluginManage:310 - Check plugin thirdparty
2025-10-20 09:42:07,472 [INFO] PluginManage:359 - Loaded plugin thirdparty (category:base,tabindex:-1)
2025-10-20 09:42:07,472 [WARN] IntegrityCheckThread:84 - waiting for thirdparty lock release [integrity check]
2025-10-20 09:42:07,473 [INFO] IntegrityCheckThread:86 - entering critical section [integrity check]
2025-10-20 09:42:07,473 [INFO] PluginManage:310 - Check plugin tools
2025-10-20 09:42:07,473 [INFO] ThirdPartyUpdaterWithRetryManager:70 - Updater plugin not ready yet. [1/15]
2025-10-20 09:42:07,476 [INFO] PluginManage:359 - Loaded plugin tools (category:base,tabindex:7)
2025-10-20 09:42:07,476 [INFO] PluginManage:310 - Check plugin tutovideos
2025-10-20 09:42:07,723 [INFO] PluginManage:359 - Loaded plugin tutovideos (category:base,tabindex:-1)
2025-10-20 09:42:07,723 [INFO] PluginManage:310 - Check plugin updater
2025-10-20 09:42:07,749 [INFO] PluginManage:359 - Loaded plugin updater (category:base,tabindex:12)
2025-10-20 09:42:07,750 [INFO] PluginManage:310 - Check plugin userauth
2025-10-20 09:42:07,756 [INFO] UserAuth:118 - Init User Auth plugin
2025-10-20 09:42:07,757 [INFO] PluginManage:359 - Loaded plugin userauth (category:base,tabindex:14)
2025-10-20 09:42:07,758 [INFO] PluginManage:283 - PluginManage : Loaded plugins [18]
2025-10-20 09:42:08,008 [INFO] PinOutPanel:1589 - setPackage(No Configuration,No Configuration)
2025-10-20 09:42:08,100 [INFO] CADModel:165 - CPN selected for project level
2025-10-20 09:42:08,101 [INFO] CADModel:114 - Register for checkConnection events
2025-10-20 09:42:08,120 [INFO] IPUIPlugin:80 - create IPUIPlugin
2025-10-20 09:42:08,120 [INFO] PluginManager:220 - loadIPPluginJar : add adc
2025-10-20 09:42:08,123 [INFO] IPUIPlugin:80 - create IPUIPlugin
2025-10-20 09:42:08,124 [INFO] PluginManager:220 - loadIPPluginJar : add aes
2025-10-20 09:42:08,126 [INFO] IPUIPlugin:80 - create IPUIPlugin
2025-10-20 09:42:08,127 [INFO] PluginManager:220 - loadIPPluginJar : add can
2025-10-20 09:42:08,130 [INFO] IPUIPlugin:80 - create IPUIPlugin
2025-10-20 09:42:08,130 [INFO] PluginManager:220 - loadIPPluginJar : add comp
2025-10-20 09:42:08,133 [INFO] IPUIPlugin:80 - create IPUIPlugin
2025-10-20 09:42:08,133 [INFO] PluginManager:220 - loadIPPluginJar : add cryp
2025-10-20 09:42:08,137 [INFO] IPUIPlugin:80 - create IPUIPlugin
2025-10-20 09:42:08,137 [INFO] PluginManager:220 - loadIPPluginJar : add ddr_ctrl_phy
2025-10-20 09:42:08,141 [INFO] IPUIPlugin:80 - create IPUIPlugin
2025-10-20 09:42:08,141 [INFO] PluginManager:220 - loadIPPluginJar : add dfsdm
2025-10-20 09:42:08,147 [INFO] IPUIPlugin:80 - create IPUIPlugin
2025-10-20 09:42:08,148 [INFO] PluginManager:220 - loadIPPluginJar : add dma
2025-10-20 09:42:08,151 [INFO] IPUIPlugin:80 - create IPUIPlugin
2025-10-20 09:42:08,152 [INFO] PluginManager:220 - loadIPPluginJar : add dma3
2025-10-20 09:42:08,155 [INFO] IPUIPlugin:80 - create IPUIPlugin
2025-10-20 09:42:08,155 [INFO] PluginManager:220 - loadIPPluginJar : add extmemmanager
2025-10-20 09:42:08,157 [INFO] IPUIPlugin:80 - create IPUIPlugin
2025-10-20 09:42:08,157 [INFO] PluginManager:220 - loadIPPluginJar : add fatfs
2025-10-20 09:42:08,162 [INFO] IPUIPlugin:80 - create IPUIPlugin
2025-10-20 09:42:08,162 [INFO] PluginManager:220 - loadIPPluginJar : add fmc
2025-10-20 09:42:08,170 [INFO] IPUIPlugin:80 - create IPUIPlugin
2025-10-20 09:42:08,170 [INFO] PluginManager:220 - loadIPPluginJar : add freertos
2025-10-20 09:42:08,173 [INFO] IPUIPlugin:80 - create IPUIPlugin
2025-10-20 09:42:08,173 [INFO] PluginManager:220 - loadIPPluginJar : add genericplugin
2025-10-20 09:42:08,177 [INFO] IPUIPlugin:80 - create IPUIPlugin
2025-10-20 09:42:08,177 [INFO] PluginManager:220 - loadIPPluginJar : add gfxmmu
2025-10-20 09:42:08,183 [INFO] IPUIPlugin:80 - create IPUIPlugin
2025-10-20 09:42:08,183 [INFO] PluginManager:220 - loadIPPluginJar : add gic
2025-10-20 09:42:08,189 [INFO] IPUIPlugin:80 - create IPUIPlugin
2025-10-20 09:42:08,189 [INFO] PluginManager:220 - loadIPPluginJar : add gpio
2025-10-20 09:42:08,192 [INFO] IPUIPlugin:80 - create IPUIPlugin
2025-10-20 09:42:08,192 [INFO] PluginManager:220 - loadIPPluginJar : add gtzc
2025-10-20 09:42:08,195 [INFO] IPUIPlugin:80 - create IPUIPlugin
2025-10-20 09:42:08,196 [INFO] PluginManager:220 - loadIPPluginJar : add hash
2025-10-20 09:42:08,199 [INFO] IPUIPlugin:80 - create IPUIPlugin
2025-10-20 09:42:08,199 [INFO] PluginManager:220 - loadIPPluginJar : add i2c
2025-10-20 09:42:08,203 [INFO] IPUIPlugin:80 - create IPUIPlugin
2025-10-20 09:42:08,203 [INFO] PluginManager:220 - loadIPPluginJar : add i2s
2025-10-20 09:42:08,207 [INFO] IPUIPlugin:80 - create IPUIPlugin
2025-10-20 09:42:08,207 [INFO] PluginManager:220 - loadIPPluginJar : add i3c
2025-10-20 09:42:08,211 [INFO] IPUIPlugin:80 - create IPUIPlugin
2025-10-20 09:42:08,211 [INFO] PluginManager:220 - loadIPPluginJar : add ipddr
2025-10-20 09:42:08,220 [INFO] IPUIPlugin:80 - create IPUIPlugin
2025-10-20 09:42:08,220 [INFO] PluginManager:220 - loadIPPluginJar : add linkedlist
2025-10-20 09:42:08,224 [INFO] IPUIPlugin:80 - create IPUIPlugin
2025-10-20 09:42:08,224 [INFO] PluginManager:220 - loadIPPluginJar : add lorawan
2025-10-20 09:42:08,226 [INFO] IPUIPlugin:80 - create IPUIPlugin
2025-10-20 09:42:08,226 [INFO] PluginManager:220 - loadIPPluginJar : add ltdc
2025-10-20 09:42:08,233 [INFO] IPUIPlugin:80 - create IPUIPlugin
2025-10-20 09:42:08,233 [INFO] PluginManager:220 - loadIPPluginJar : add mdma
2025-10-20 09:42:08,238 [INFO] IPUIPlugin:80 - create IPUIPlugin
2025-10-20 09:42:08,238 [INFO] PluginManager:220 - loadIPPluginJar : add nvic
2025-10-20 09:42:08,242 [INFO] IPUIPlugin:80 - create IPUIPlugin
2025-10-20 09:42:08,242 [INFO] PluginManager:220 - loadIPPluginJar : add opamp
2025-10-20 09:42:08,246 [INFO] IPUIPlugin:80 - create IPUIPlugin
2025-10-20 09:42:08,246 [INFO] PluginManager:220 - loadIPPluginJar : add openamp
2025-10-20 09:42:08,251 [INFO] IPUIPlugin:80 - create IPUIPlugin
2025-10-20 09:42:08,251 [INFO] PluginManager:220 - loadIPPluginJar : add pdm2pcm
2025-10-20 09:42:08,258 [INFO] IPUIPlugin:80 - create IPUIPlugin
2025-10-20 09:42:08,261 [INFO] PluginManager:220 - loadIPPluginJar : add plateformsettings
2025-10-20 09:42:08,264 [INFO] IPUIPlugin:80 - create IPUIPlugin
2025-10-20 09:42:08,264 [INFO] PluginManager:220 - loadIPPluginJar : add quadspi
2025-10-20 09:42:08,267 [INFO] IPUIPlugin:80 - create IPUIPlugin
2025-10-20 09:42:08,268 [INFO] PluginManager:220 - loadIPPluginJar : add radio
2025-10-20 09:42:08,273 [INFO] IPUIPlugin:80 - create IPUIPlugin
2025-10-20 09:42:08,273 [INFO] PluginManager:220 - loadIPPluginJar : add resmgrutility
2025-10-20 09:42:08,277 [INFO] IPUIPlugin:80 - create IPUIPlugin
2025-10-20 09:42:08,277 [INFO] PluginManager:220 - loadIPPluginJar : add sai
2025-10-20 09:42:08,280 [INFO] IPUIPlugin:80 - create IPUIPlugin
2025-10-20 09:42:08,280 [INFO] PluginManager:220 - loadIPPluginJar : add spi
2025-10-20 09:42:08,287 [INFO] IPUIPlugin:80 - create IPUIPlugin
2025-10-20 09:42:08,287 [INFO] PluginManager:220 - loadIPPluginJar : add stm32_wpan
2025-10-20 09:42:08,289 [INFO] IPUIPlugin:80 - create IPUIPlugin
2025-10-20 09:42:08,290 [INFO] PluginManager:220 - loadIPPluginJar : add tim
2025-10-20 09:42:08,293 [INFO] IPUIPlugin:80 - create IPUIPlugin
2025-10-20 09:42:08,293 [INFO] PluginManager:220 - loadIPPluginJar : add touchsensing
2025-10-20 09:42:08,296 [INFO] IPUIPlugin:80 - create IPUIPlugin
2025-10-20 09:42:08,296 [INFO] PluginManager:220 - loadIPPluginJar : add tracer_emb
2025-10-20 09:42:08,298 [INFO] IPUIPlugin:80 - create IPUIPlugin
2025-10-20 09:42:08,298 [INFO] PluginManager:220 - loadIPPluginJar : add ts
2025-10-20 09:42:08,301 [INFO] IPUIPlugin:80 - create IPUIPlugin
2025-10-20 09:42:08,301 [INFO] PluginManager:220 - loadIPPluginJar : add tsc
2025-10-20 09:42:08,303 [INFO] IPUIPlugin:80 - create IPUIPlugin
2025-10-20 09:42:08,304 [INFO] PluginManager:220 - loadIPPluginJar : add ucpd
2025-10-20 09:42:08,306 [INFO] IPUIPlugin:80 - create IPUIPlugin
2025-10-20 09:42:08,306 [INFO] PluginManager:220 - loadIPPluginJar : add usart
2025-10-20 09:42:08,311 [INFO] IPUIPlugin:80 - create IPUIPlugin
2025-10-20 09:42:08,311 [INFO] PluginManager:220 - loadIPPluginJar : add usbx
2025-10-20 09:42:08,439 [FATAL] Updater:351 - Updater called before beeing initialized
2025-10-20 09:42:08,491 [INFO] RulesReader:64 - Compatibility file has been processed (317 Rules)
2025-10-20 09:42:08,505 [INFO] RulesReader:64 - Compatibility file has been processed (317 Rules)
2025-10-20 09:42:08,518 [INFO] CADModel:165 - CPN selected for project level
2025-10-20 09:42:08,519 [INFO] CADModel:114 - Register for checkConnection events
2025-10-20 09:42:08,519 [FATAL] Updater:351 - Updater called before beeing initialized
2025-10-20 09:42:08,519 [ERROR] CADModel:125 - Updater not yet initialized, retry later 
2025-10-20 09:42:08,739 [FATAL] Updater:351 - Updater called before beeing initialized
2025-10-20 09:42:08,741 [INFO] CADModel:165 - CPN selected for project level
2025-10-20 09:42:08,742 [INFO] CADModel:114 - Register for checkConnection events
2025-10-20 09:42:08,742 [FATAL] Updater:351 - Updater called before beeing initialized
2025-10-20 09:42:08,742 [ERROR] CADModel:125 - Updater not yet initialized, retry later 
2025-10-20 09:42:08,746 [FATAL] Updater:351 - Updater called before beeing initialized
2025-10-20 09:42:08,867 [FATAL] Updater:351 - Updater called before beeing initialized
2025-10-20 09:42:08,870 [INFO] DbMcusAds:53 - JSON generation date=Thu Oct 02 05:36:05 EDT 2025 (1759397765645)
2025-10-20 09:42:08,871 [FATAL] Updater:351 - Updater called before beeing initialized
2025-10-20 09:42:08,910 [WARN] DetailPanel:346 - Failed to get advertising image, set to default
2025-10-20 09:42:08,985 [FATAL] Updater:351 - Updater called before beeing initialized
2025-10-20 09:42:08,987 [FATAL] Updater:351 - Updater called before beeing initialized
2025-10-20 09:42:08,987 [FATAL] Updater:351 - Updater called before beeing initialized
2025-10-20 09:42:08,987 [WARN] DetailPanel:346 - Failed to get advertising image, set to default
2025-10-20 09:42:08,988 [FATAL] Updater:351 - Updater called before beeing initialized
2025-10-20 09:42:09,035 [ERROR] Updater:1198 - MainUpdater not yet initialized. External WinMGr cannot be set.
2025-10-20 09:42:09,037 [INFO] Updater:1134 - Updater Version found : 6.15.0
2025-10-20 09:42:09,056 [INFO] ApplicationProperties:184 - Using Application install path: C:\ST\STM32CubeIDE_1.19.0\STM32CubeIDE\plugins\com.st.stm32cube.common.mx_6.15.0.202507011659
2025-10-20 09:42:10,474 [INFO] ThirdPartyUpdaterWithRetryManager:70 - Updater plugin not ready yet. [2/15]
2025-10-20 09:42:10,641 [ERROR] LogOutputStream:75 - [STDERR_REDIRECT] Oct 20, 2025 9:42:10 AM java.util.prefs.WindowsPreferences <init>
2025-10-20 09:42:10,644 [ERROR] LogOutputStream:75 - [STDERR_REDIRECT] WARNING: Could not open/create prefs root node Software\JavaSoft\Prefs at root 0xffffffff80000002. Windows RegCreateKeyEx(...) returned error code 5.
2025-10-20 09:42:10,645 [ERROR] LogOutputStream:75 - [STDERR_REDIRECT] 
2025-10-20 09:42:11,021 [INFO] MainUpdater:2872 - connection check result : 10
2025-10-20 09:42:11,021 [INFO] MainUpdater:3604 - Updater definition file requires update
2025-10-20 09:42:11,022 [INFO] MainUpdater:289 - Updater Check For Update Now.
2025-10-20 09:42:11,022 [INFO] MicroXplorer:498 - Change Database Version : DB.6.0.150
2025-10-20 09:42:11,029 [INFO] McuFinderGlobals:63 - Set McuFinder mode to 2 (CubeIDE integrated)
2025-10-20 09:42:11,030 [INFO] UserAuth:487 - Internet connection configuration mode: 1
2025-10-20 09:42:11,033 [INFO] ServerAccessManage:452 - Complete download http(s) 200
2025-10-20 09:42:11,034 [INFO] ServerAccessManage:509 - Download File updaters.zip
2025-10-20 09:42:11,063 [INFO] JxBrowserEngine:152 - Initiate JxBrowser Engine with user profile folder
2025-10-20 09:42:11,106 [INFO] FileExtend:248 - Unzip File : updaters.zip
2025-10-20 09:42:11,106 [INFO] FileExtend:263 - Standard Zip Deflate
2025-10-20 09:42:11,468 [INFO] ServerAccessManage:452 - Complete download http(s) 200
2025-10-20 09:42:11,468 [INFO] ServerAccessManage:509 - Download File PacksControlFlags.xml
2025-10-20 09:42:11,536 [INFO] ServerAccessManage:452 - Complete download http(s) 200
2025-10-20 09:42:11,536 [INFO] ServerAccessManage:509 - Download File cubemx.pidx
2025-10-20 09:42:12,544 [INFO] ServerAccessManage:452 - Complete download http(s) 200
2025-10-20 09:42:12,545 [INFO] ServerAccessManage:509 - Download File STMicroelectronics.X-CUBE-ST60.pdsc
2025-10-20 09:42:13,476 [WARN] MainUpdater:1193 - Updater busy. Cannot search thirdparties
2025-10-20 09:42:13,476 [INFO] ThirdPartyUpdaterWithRetryManager:96 - Updater plugin is busy. [1/15]
2025-10-20 09:42:14,088 [WARN] PackLoader:240 - Cannot read IP mode file for STMicroelectronics.X-CUBE-ST60.1.1.0
2025-10-20 09:42:14,096 [INFO] PopulateThirdPartyThread:66 - Ending populate Thread
2025-10-20 09:42:14,098 [INFO] ThirdParty:1030 - CMSIS Pack Vendor :STMicroelectronics X-CUBE-ST60 1.1.0
2025-10-20 09:42:14,098 [INFO] LoadServerUpdatesThread:375 - End of LoadServerUpdate Thread
2025-10-20 09:42:14,125 [INFO] CheckServerUpdateThread:120 - End of CheckServer Thread
2025-10-20 09:42:14,127 [INFO] WebApp:169 - Instantiating new browser for Auth
2025-10-20 09:42:15,175 [INFO] WebApp:463 - Apply proxy settings
2025-10-20 09:42:15,175 [INFO] WebApp:548 - Chromium requires no authentication
2025-10-20 09:42:15,190 [INFO] WebApp:491 - Direct internet connection detected
2025-10-20 09:42:15,245 [INFO] WebApp:900 - Register for checkConnection events
2025-10-20 09:42:15,245 [INFO] WebApp:463 - Apply proxy settings
2025-10-20 09:42:15,245 [INFO] WebApp:548 - Chromium requires no authentication
2025-10-20 09:42:15,246 [INFO] WebApp:491 - Direct internet connection detected
2025-10-20 09:42:15,428 [INFO] WebApp:191 - Connection restablished
2025-10-20 09:42:15,603 [INFO] WebApp:225 - Starting web application
2025-10-20 09:42:15,603 [INFO] WebApp:593 - Web application path used C:\ST\STM32CubeIDE_1.19.0\STM32CubeIDE\plugins\com.st.stm32cube.common.mx_6.15.0.202507011659\db\plugins\mcufinder\reactClient1\index.html
2025-10-20 09:42:15,971 [INFO] UserAuth:487 - Internet connection configuration mode: 1
2025-10-20 09:42:16,822 [WARN] PackLoader:240 - Cannot read IP mode file for STMicroelectronics.FP-SNS-MOTENVWB1.1.4.0
2025-10-20 09:42:16,831 [WARN] PackLoader:240 - Cannot read IP mode file for STMicroelectronics.FP-ATR-ASTRA1.2.0.2
2025-10-20 09:42:16,836 [WARN] PackLoader:240 - Cannot read IP mode file for STMicroelectronics.FP-ATR-ASTRA1.2.0.1
2025-10-20 09:42:16,844 [WARN] PackLoader:240 - Cannot read IP mode file for STMicroelectronics.X-CUBE-SMBUS.2.1.0
2025-10-20 09:42:16,853 [WARN] PackLoader:240 - Cannot read IP mode file for STMicroelectronics.X-CUBE-WB05N.1.1.0
2025-10-20 09:42:16,861 [WARN] PackLoader:240 - Cannot read IP mode file for STMicroelectronics.X-CUBE-ST60.1.0.0
2025-10-20 09:42:16,900 [WARN] PackLoader:240 - Cannot read IP mode file for STMicroelectronics.X-CUBE-AZRTOS-F7.1.1.0
2025-10-20 09:42:16,913 [WARN] PackLoader:240 - Cannot read IP mode file for STMicroelectronics.FP-SNS-FLIGHT1.5.0.2
2025-10-20 09:42:16,949 [WARN] PackLoader:240 - Cannot read IP mode file for Infineon.AIROC-Wi-Fi-Bluetooth-STM32.1.7.0
2025-10-20 09:42:16,992 [WARN] PackLoader:240 - Cannot read IP mode file for STMicroelectronics.X-CUBE-AZRTOS-H7.3.4.0
2025-10-20 09:42:17,023 [WARN] PackLoader:240 - Cannot read IP mode file for STMicroelectronics.X-CUBE-DISPLAY.3.0.0
2025-10-20 09:42:17,037 [WARN] PackLoader:240 - Cannot read IP mode file for STMicroelectronics.X-CUBE-BLE1.7.0.0
2025-10-20 09:42:17,045 [WARN] PackLoader:240 - Cannot read IP mode file for STMicroelectronics.X-CUBE-NFC10.1.0.0
2025-10-20 09:42:17,063 [WARN] PackLoader:240 - Cannot read IP mode file for STMicroelectronics.X-CUBE-BLEMGR.4.0.0
2025-10-20 09:42:17,073 [WARN] PackLoader:240 - Cannot read IP mode file for STMicroelectronics.X-CUBE-ST60.1.1.0
2025-10-20 09:42:17,081 [WARN] PackLoader:240 - Cannot read IP mode file for emotas.I-CUBE-CANOPEN.1.3.0
2025-10-20 09:42:17,090 [WARN] PackLoader:240 - Cannot read IP mode file for STMicroelectronics.FP-SNS-STBOX1.2.1.0
2025-10-20 09:42:17,099 [WARN] PackLoader:240 - Cannot read IP mode file for STMicroelectronics.FP-SNS-SMARTAG2.1.2.0
2025-10-20 09:42:17,103 [WARN] PackLoader:240 - Cannot read IP mode file for STMicroelectronics.FP-SNS-FLIGHT1.5.1.0
2025-10-20 09:42:17,167 [WARN] PackLoader:240 - Cannot read IP mode file for STMicroelectronics.X-CUBE-MEMS1.11.1.0
2025-10-20 09:42:17,342 [INFO] LogOutputStream:77 - [STDOUT_REDIRECT] 1 : Invalid condition id : UX_CORESTACK_Condition cause : null
2025-10-20 09:42:17,343 [INFO] LogOutputStream:77 - [STDOUT_REDIRECT] 1 : Invalid condition id : UX_CORESTACK_Condition cause : null
2025-10-20 09:42:17,345 [INFO] LogOutputStream:77 - [STDOUT_REDIRECT] 1 : Invalid condition id : UX_CORESTACK_Condition cause : null
2025-10-20 09:42:17,346 [INFO] LogOutputStream:77 - [STDOUT_REDIRECT] 1 : Invalid condition id : UX_CORESTACK_Condition cause : null
2025-10-20 09:42:17,348 [INFO] LogOutputStream:77 - [STDOUT_REDIRECT] 1 : Invalid condition id : UX_CORESTACK_Condition cause : null
2025-10-20 09:42:17,351 [WARN] PackLoader:240 - Cannot read IP mode file for STMicroelectronics.X-CUBE-AZRTOS-WL.2.0.0
2025-10-20 09:42:17,357 [WARN] PackLoader:240 - Cannot read IP mode file for STMicroelectronics.FP-SNS-MOTENV1.5.0.0
2025-10-20 09:42:17,366 [WARN] PackLoader:240 - Cannot read IP mode file for wolfSSL.I-CUBE-wolfMQTT.1.19.0
2025-10-20 09:42:17,373 [WARN] PackLoader:240 - Cannot read IP mode file for WES.I-CUBE-Cesium.1.3.0
2025-10-20 09:42:17,379 [WARN] PackLoader:240 - Cannot read IP mode file for STMicroelectronics.X-CUBE-BLE2.3.3.0
2025-10-20 09:42:17,385 [WARN] PackLoader:240 - Cannot read IP mode file for STMicroelectronics.X-CUBE-NFC9.1.0.0
2025-10-20 09:42:17,393 [WARN] PackLoader:240 - Cannot read IP mode file for STMicroelectronics.X-CUBE-BLE1.7.1.0
2025-10-20 09:42:17,402 [WARN] PackLoader:240 - Cannot read IP mode file for STMicroelectronics.X-CUBE-EEPRMA1.5.2.0
2025-10-20 09:42:17,411 [WARN] PackLoader:240 - Cannot read IP mode file for STMicroelectronics.X-CUBE-ST67W61.1.1.0
2025-10-20 09:42:17,430 [WARN] PackLoader:240 - Cannot read IP mode file for STMicroelectronics.X-CUBE-AZRTOS-G0.1.1.0
2025-10-20 09:42:17,441 [WARN] PackLoader:240 - Cannot read IP mode file for STMicroelectronics.X-CUBE-SAFEA1.1.2.2
2025-10-20 09:42:17,449 [WARN] PackLoader:240 - Cannot read IP mode file for STMicroelectronics.X-CUBE-NFC4.3.0.0
2025-10-20 09:42:17,458 [WARN] PackLoader:240 - Cannot read IP mode file for EmbeddedOffice.I-CUBE-FS-RTOS.1.0.1
2025-10-20 09:42:17,465 [WARN] PackLoader:240 - Cannot read IP mode file for STMicroelectronics.X-CUBE-WB05N.2.0.0
2025-10-20 09:42:17,472 [WARN] PackLoader:240 - Cannot read IP mode file for STMicroelectronics.X-CUBE-TCPP.4.2.0
2025-10-20 09:42:17,480 [WARN] PackLoader:240 - Cannot read IP mode file for RealThread.X-CUBE-RT-Thread_Nano.4.1.1
2025-10-20 09:42:17,485 [WARN] PackLoader:240 - Cannot read IP mode file for STMicroelectronics.FP-ATR-SIGFOX1.3.2.0
2025-10-20 09:42:17,492 [WARN] ConditionMgr:438 - getConditionDescription Invalid condition id : Cortex-A Device cause : null
2025-10-20 09:42:17,505 [WARN] ConditionMgr:1044 - genDependencies : Invalid condition id : Cortex-A Device cause : null
2025-10-20 09:42:17,506 [WARN] ConditionMgr:1044 - genDependencies : Invalid condition id : Cortex-A Device cause : null
2025-10-20 09:42:17,506 [WARN] ConditionMgr:1044 - genDependencies : Invalid condition id : Cortex-A Device cause : null
2025-10-20 09:42:17,511 [WARN] PackLoader:240 - Cannot read IP mode file for STMicroelectronics.X-CUBE-EEPRMA1.5.1.0
2025-10-20 09:42:17,518 [WARN] PackLoader:240 - Cannot read IP mode file for wolfSSL.I-CUBE-wolfSSL.5.7.4
2025-10-20 09:42:17,526 [WARN] PackLoader:240 - Cannot read IP mode file for ITTIA_DB.I-CUBE-ITTIADB.8.9.0
2025-10-20 09:42:17,535 [WARN] PackLoader:240 - Cannot read IP mode file for STMicroelectronics.X-CUBE-ST67W61.1.0.0
2025-10-20 09:42:17,541 [WARN] PackLoader:240 - Cannot read IP mode file for STMicroelectronics.X-CUBE-AI.10.2.0
2025-10-20 09:42:17,571 [WARN] PackLoader:240 - Cannot read IP mode file for SEGGER.I-CUBE-embOS.1.3.1
2025-10-20 09:42:17,610 [WARN] PackLoader:240 - Cannot read IP mode file for STMicroelectronics.X-CUBE-ALGOBUILD.1.4.0
2025-10-20 09:42:17,666 [WARN] PackLoader:240 - Cannot read IP mode file for STMicroelectronics.X-CUBE-MEMS1.11.3.0
2025-10-20 09:42:17,792 [WARN] PackLoader:240 - Cannot read IP mode file for STMicroelectronics.X-CUBE-AI.9.1.0
2025-10-20 09:42:17,798 [WARN] PackLoader:240 - Cannot read IP mode file for STMicroelectronics.X-CUBE-PM33A1.1.0.0
2025-10-20 09:42:17,847 [WARN] PackLoader:240 - Cannot read IP mode file for STMicroelectronics.X-CUBE-AZRTOS-F4.1.1.0
2025-10-20 09:42:17,859 [WARN] PackLoader:240 - Cannot read IP mode file for STMicroelectronics.X-CUBE-ISPU.2.1.0
2025-10-20 09:42:17,881 [WARN] PackLoader:240 - Cannot read IP mode file for STMicroelectronics.X-CUBE-IPS.3.2.0
2025-10-20 09:42:17,900 [WARN] PackLoader:240 - Cannot read IP mode file for STMicroelectronics.X-CUBE-NFC12.1.0.0
2025-10-20 09:42:17,926 [WARN] PackLoader:240 - Cannot read IP mode file for STMicroelectronics.X-CUBE-AZRTOS-L5.2.0.0
2025-10-20 09:42:17,942 [WARN] PackLoader:240 - Cannot read IP mode file for STMicroelectronics.X-CUBE-NFC6.3.1.0
2025-10-20 09:42:17,986 [WARN] PackLoader:240 - Cannot read IP mode file for STMicroelectronics.X-CUBE-DPower.1.2.0
2025-10-20 09:42:17,994 [WARN] PackLoader:240 - Cannot read IP mode file for STMicroelectronics.X-CUBE-FREERTOS.1.3.1
2025-10-20 09:42:18,009 [WARN] PackLoader:240 - Cannot read IP mode file for STMicroelectronics.X-CUBE-FREERTOS.1.3.0
2025-10-20 09:42:18,016 [WARN] PackLoader:240 - Cannot read IP mode file for STMicroelectronics.X-CUBE-NFC7.1.0.1
2025-10-20 09:42:18,026 [WARN] PackLoader:240 - Cannot read IP mode file for STMicroelectronics.X-CUBE-TOUCHGFX.4.26.0
2025-10-20 09:42:18,038 [WARN] PackLoader:240 - Cannot read IP mode file for STMicroelectronics.FP-SNS-STAIOTCFT.1.0.0
2025-10-20 09:42:18,046 [WARN] PackLoader:240 - Cannot read IP mode file for STMicroelectronics.X-CUBE-DPower.1.3.0
2025-10-20 09:42:18,069 [WARN] ConditionMgr:438 - getConditionDescription Invalid condition id : LAN8742 Phy interface Condition cause : null
2025-10-20 09:42:18,070 [WARN] PackLoader:240 - Cannot read IP mode file for STMicroelectronics.X-CUBE-AZRTOS-L4.2.0.0
2025-10-20 09:42:18,072 [WARN] ConditionMgr:1044 - genDependencies : Invalid condition id : LAN8742 Phy interface Condition cause : null
2025-10-20 09:42:18,072 [WARN] ConditionMgr:1044 - genDependencies : Invalid condition id : LAN8742 Phy interface Condition cause : null
2025-10-20 09:42:18,073 [WARN] ConditionMgr:1044 - genDependencies : Invalid condition id : LAN8742 Phy interface Condition cause : null
2025-10-20 09:42:18,082 [WARN] PackLoader:240 - Cannot read IP mode file for STMicroelectronics.X-CUBE-SFXS2LP1.4.0.0
2025-10-20 09:42:18,107 [WARN] PackLoader:240 - Cannot read IP mode file for STMicroelectronics.X-CUBE-AZRTOS-H7.3.3.0
2025-10-20 09:42:18,121 [WARN] PackLoader:240 - Cannot read IP mode file for STMicroelectronics.X-CUBE-BLEMGR.4.1.0
2025-10-20 09:42:18,144 [WARN] ConditionMgr:438 - getConditionDescription Invalid condition id : UX DEVICE CLASS RTOS Condition cause : null
2025-10-20 09:42:18,144 [WARN] ConditionMgr:438 - getConditionDescription Invalid condition id : UX DEVICE CLASS RTOS Condition cause : null
2025-10-20 09:42:18,146 [WARN] PackLoader:240 - Cannot read IP mode file for STMicroelectronics.X-CUBE-AZRTOS-WB.2.0.0
2025-10-20 09:42:18,147 [WARN] ConditionMgr:1044 - genDependencies : Invalid condition id : UX DEVICE CLASS RTOS Condition cause : null
2025-10-20 09:42:18,148 [WARN] ConditionMgr:1044 - genDependencies : Invalid condition id : UX DEVICE CLASS RTOS Condition cause : null
2025-10-20 09:42:18,148 [WARN] ConditionMgr:1044 - genDependencies : Invalid condition id : UX DEVICE CLASS RTOS Condition cause : null
2025-10-20 09:42:18,149 [WARN] ConditionMgr:1044 - genDependencies : Invalid condition id : UX DEVICE CLASS RTOS Condition cause : null
2025-10-20 09:42:18,149 [WARN] ConditionMgr:1044 - genDependencies : Invalid condition id : UX DEVICE CLASS RTOS Condition cause : null
2025-10-20 09:42:18,156 [WARN] PackLoader:240 - Cannot read IP mode file for STMicroelectronics.X-CUBE-GNSS1.7.0.1
2025-10-20 09:42:18,164 [WARN] PackLoader:240 - Cannot read IP mode file for STMicroelectronics.FP-SNS-STBOX1.2.0.0
2025-10-20 09:42:18,179 [WARN] PackLoader:240 - Cannot read IP mode file for STMicroelectronics.X-CUBE-SUBG2.5.0.0
2025-10-20 09:42:18,203 [WARN] PackLoader:240 - Cannot read IP mode file for STMicroelectronics.X-CUBE-AZRTOS-H7RS.1.1.0
2025-10-20 09:42:18,211 [WARN] PackLoader:240 - Cannot read IP mode file for Cesanta.I-CUBE-Mongoose.7.13.0
2025-10-20 09:42:18,230 [WARN] PackLoader:240 - Cannot read IP mode file for STMicroelectronics.X-CUBE-AZRTOS-G4.2.0.0
2025-10-20 09:42:18,238 [WARN] PackLoader:240 - Cannot read IP mode file for STMicroelectronics.X-CUBE-NFC7.2.0.0
2025-10-20 09:42:18,254 [WARN] PackLoader:240 - Cannot read IP mode file for STMicroelectronics.X-CUBE-IPS.3.1.0
2025-10-20 09:42:18,269 [WARN] PackLoader:240 - Cannot read IP mode file for STMicroelectronics.X-CUBE-ALS.1.0.2
2025-10-20 09:42:18,273 [WARN] PackLoader:240 - Cannot read IP mode file for STMicroelectronics.X-CUBE-TOUCHGFX.4.24.2
2025-10-20 09:42:18,282 [WARN] PackLoader:240 - Cannot read IP mode file for STMicroelectronics.X-CUBE-STSE01.1.0.0
2025-10-20 09:42:18,288 [WARN] PackLoader:240 - Cannot read IP mode file for wolfSSL.I-CUBE-wolfTPM.3.4.0
2025-10-20 09:42:18,296 [WARN] PackLoader:240 - Cannot read IP mode file for portGmbH.I-Cube-SoM-uGOAL.1.1.0
2025-10-20 09:42:18,321 [WARN] PackLoader:240 - Cannot read IP mode file for STMicroelectronics.X-CUBE-AZRTOS-H7RS.1.0.0
2025-10-20 09:42:18,338 [WARN] PackLoader:240 - Cannot read IP mode file for STMicroelectronics.X-CUBE-TOF1.3.4.2
2025-10-20 09:42:18,366 [WARN] PackLoader:240 - Cannot read IP mode file for STMicroelectronics.X-CUBE-TOF1.3.4.3
2025-10-20 09:42:18,385 [WARN] PackLoader:240 - Cannot read IP mode file for wolfSSL.I-CUBE-wolfSSH.1.4.17
2025-10-20 09:42:18,386 [INFO] ThirdParty:978 - Integrity check success = true
2025-10-20 09:42:18,386 [INFO] IntegrityCheckThread:100 - exiting critical section [integrity check]
2025-10-20 09:42:18,386 [INFO] IntegrityCheckThread:103 - End integrity checks thread
2025-10-20 10:07:22,433 [INFO] Activator:176 - 


2025-10-20 10:07:22,435 [INFO] Activator:177 - !SESSION log4j initialized
2025-10-20 10:07:26,162 [INFO] LogOutputStream:77 - [STDOUT_REDIRECT] 
2025-10-20 10:07:28,589 [INFO] ApplicationProperties:184 - Using Application install path: C:\ST\STM32CubeIDE_1.19.0\STM32CubeIDE\plugins\com.st.stm32cube.common.mx_6.15.0.202507011659
2025-10-20 10:07:28,619 [INFO] DbMcusXml:78 - Set database path to: C:\ST\STM32CubeIDE_1.19.0\STM32CubeIDE\plugins\com.st.stm32cube.common.mx_6.15.0.202507011659\\db\/mcu/
2025-10-20 10:07:28,620 [INFO] ApiDb:274 - Set plugin database path to: C:\ST\STM32CubeIDE_1.19.0\STM32CubeIDE\plugins\com.st.stm32cube.common.mx_6.15.0.202507011659\\db\/plugins/boardmanager/
2025-10-20 10:07:28,621 [WARN] ApiDb:259 - Overriding images path with different value:  => C:\ST\STM32CubeIDE_1.19.0\STM32CubeIDE\plugins\com.st.stm32cube.common.mx_6.15.0.202507011659\\db\/plugins/mcufinder/images/
2025-10-20 10:07:28,628 [INFO] ApiDb:250 - Set database path to: C:\Users\favas\.stmcufinder\plugins\mcufinder//mcu/
2025-10-20 10:07:28,630 [INFO] DbMcusAds:125 - Set database path to: C:\Users\favas\.stmcufinder\plugins\mcufinder//mcu/
2025-10-20 10:07:28,633 [INFO] CrossReferenceDbSqlite:203 - Set database path to: C:\Users\favas\.stmcufinder\plugins\mcufinder//mcu/cs/
2025-10-20 10:07:28,768 [INFO] RulesReader:64 - Compatibility file has been processed (317 Rules)
2025-10-20 10:07:28,865 [INFO] DbMcusXml:78 - Set database path to: C:\ST\STM32CubeIDE_1.19.0\STM32CubeIDE\plugins\com.st.stm32cube.common.mx_6.15.0.202507011659\\db\/mcu/
2025-10-20 10:07:28,865 [INFO] ApiDb:274 - Set plugin database path to: C:\ST\STM32CubeIDE_1.19.0\STM32CubeIDE\plugins\com.st.stm32cube.common.mx_6.15.0.202507011659\\db\/plugins/boardmanager/
2025-10-20 10:07:28,865 [INFO] ApiDb:261 - Set plugin images path to: C:\ST\STM32CubeIDE_1.19.0\STM32CubeIDE\plugins\com.st.stm32cube.common.mx_6.15.0.202507011659\\db\/plugins/mcufinder/images/
2025-10-20 10:07:28,866 [WARN] DbFile:41 - Overriding database path with different value: C:\Users\favas\.stmcufinder\plugins\mcufinder/ => C:\Users\favas\.stmcufinder\plugins\mcufinder
2025-10-20 10:07:28,866 [INFO] ApiDb:250 - Set database path to: C:\Users\favas\.stmcufinder\plugins\mcufinder//mcu/
2025-10-20 10:07:28,866 [WARN] DbFile:41 - Overriding database path with different value: C:\Users\favas\.stmcufinder\plugins\mcufinder/ => C:\Users\favas\.stmcufinder\plugins\mcufinder
2025-10-20 10:07:28,866 [INFO] DbMcusAds:125 - Set database path to: C:\Users\favas\.stmcufinder\plugins\mcufinder//mcu/
2025-10-20 10:07:28,866 [WARN] DbFile:41 - Overriding database path with different value: C:\Users\favas\.stmcufinder\plugins\mcufinder/ => C:\Users\favas\.stmcufinder\plugins\mcufinder
2025-10-20 10:07:28,866 [WARN] DbFile:41 - Overriding database path with different value: C:\Users\favas\.stmcufinder\plugins\mcufinder/ => C:\Users\favas\.stmcufinder\plugins\mcufinder
2025-10-20 10:07:28,866 [INFO] CrossReferenceDbSqlite:203 - Set database path to: C:\Users\favas\.stmcufinder\plugins\mcufinder//mcu/cs/
2025-10-20 10:07:28,955 [INFO] MainPanel:274 - HeapMemory: 268435456
2025-10-20 10:07:29,049 [INFO] DbMcusXml:78 - Set database path to: C:\ST\STM32CubeIDE_1.19.0\STM32CubeIDE\plugins\com.st.stm32cube.common.mx_6.15.0.202507011659\\db\/mcu/
2025-10-20 10:07:29,049 [INFO] ApiDb:274 - Set plugin database path to: C:\ST\STM32CubeIDE_1.19.0\STM32CubeIDE\plugins\com.st.stm32cube.common.mx_6.15.0.202507011659\\db\/plugins/boardmanager/
2025-10-20 10:07:29,049 [INFO] ApiDb:261 - Set plugin images path to: C:\ST\STM32CubeIDE_1.19.0\STM32CubeIDE\plugins\com.st.stm32cube.common.mx_6.15.0.202507011659\\db\/plugins/mcufinder/images/
2025-10-20 10:07:29,050 [WARN] DbFile:41 - Overriding database path with different value: C:\Users\favas\.stmcufinder\plugins\mcufinder/ => C:\Users\favas\.stmcufinder\plugins\mcufinder
2025-10-20 10:07:29,050 [INFO] ApiDb:250 - Set database path to: C:\Users\favas\.stmcufinder\plugins\mcufinder//mcu/
2025-10-20 10:07:29,050 [WARN] DbFile:41 - Overriding database path with different value: C:\Users\favas\.stmcufinder\plugins\mcufinder/ => C:\Users\favas\.stmcufinder\plugins\mcufinder
2025-10-20 10:07:29,050 [INFO] DbMcusAds:125 - Set database path to: C:\Users\favas\.stmcufinder\plugins\mcufinder//mcu/
2025-10-20 10:07:29,050 [WARN] DbFile:41 - Overriding database path with different value: C:\Users\favas\.stmcufinder\plugins\mcufinder/ => C:\Users\favas\.stmcufinder\plugins\mcufinder
2025-10-20 10:07:29,050 [WARN] DbFile:41 - Overriding database path with different value: C:\Users\favas\.stmcufinder\plugins\mcufinder/ => C:\Users\favas\.stmcufinder\plugins\mcufinder
2025-10-20 10:07:29,050 [INFO] CrossReferenceDbSqlite:203 - Set database path to: C:\Users\favas\.stmcufinder\plugins\mcufinder//mcu/cs/
2025-10-20 10:07:29,070 [INFO] ApplicationProperties:184 - Using Application install path: C:\ST\STM32CubeIDE_1.19.0\STM32CubeIDE\plugins\com.st.stm32cube.common.mx_6.15.0.202507011659
2025-10-20 10:07:29,072 [INFO] PluginManage:196 - Search for loadable plugins [exclusion list=, ]
2025-10-20 10:07:29,073 [INFO] PluginManage:310 - Check plugin analytics
2025-10-20 10:07:29,240 [INFO] AnalyticsPlugin:253 - Accepted Software Licenses: 
2025-10-20 10:07:29,242 [INFO] AnalyticsPlugin:255 - Accepted CMSIS Pack Licenses: 
2025-10-20 10:07:29,242 [INFO] AnalyticsPlugin:257 - Accepted Firmware Licenses: FW.F4.1.28.0
2025-10-20 10:07:29,244 [INFO] PluginManage:359 - Loaded plugin analytics (category:tool,tabindex:-1)
2025-10-20 10:07:29,245 [INFO] PluginManage:310 - Check plugin cadmodel
2025-10-20 10:07:29,248 [INFO] CADModel:105 - Init CAD model plugin
2025-10-20 10:07:29,248 [INFO] PluginManage:359 - Loaded plugin cadmodel (category:power,tabindex:5)
2025-10-20 10:07:29,248 [INFO] PluginManage:310 - Check plugin clock
2025-10-20 10:07:29,256 [INFO] PluginManage:359 - Loaded plugin clock (category:base,tabindex:2)
2025-10-20 10:07:29,256 [INFO] PluginManage:310 - Check plugin ddr
2025-10-20 10:07:29,258 [INFO] PluginManage:359 - Loaded plugin ddr (category:tool,tabindex:6)
2025-10-20 10:07:29,258 [INFO] PluginManage:310 - Check plugin filemanager
2025-10-20 10:07:29,402 [INFO] PluginManage:359 - Loaded plugin filemanager (category:base,tabindex:10)
2025-10-20 10:07:29,403 [INFO] PluginManage:310 - Check plugin ipmanager
2025-10-20 10:07:29,409 [INFO] PluginManage:359 - Loaded plugin ipmanager (category:base,tabindex:5)
2025-10-20 10:07:29,409 [INFO] PluginManage:310 - Check plugin lpbam
2025-10-20 10:07:29,416 [INFO] PluginManage:359 - Loaded plugin lpbam (category:base,tabindex:0)
2025-10-20 10:07:29,416 [INFO] PluginManage:310 - Check plugin memorymap
2025-10-20 10:07:29,428 [INFO] PluginManage:359 - Loaded plugin memorymap (category:base,tabindex:4)
2025-10-20 10:07:29,428 [INFO] PluginManage:310 - Check plugin pinoutandconfiguration
2025-10-20 10:07:29,435 [INFO] PluginManage:359 - Loaded plugin pinoutandconfiguration (category:base,tabindex:1)
2025-10-20 10:07:29,436 [INFO] PluginManage:310 - Check plugin pinoutconfig
2025-10-20 10:07:29,520 [WARN] SupportedApi:132 - Cannot load RTOS API schema: s4s-elt-must-match.1: The content of 'definitions' must match (annotation?, (simpleType | complexType)?, (unique | key | keyref)*)). A problem was found starting at: attribute.
2025-10-20 10:07:29,655 [INFO] PluginManage:359 - Loaded plugin pinoutconfig (category:base,tabindex:0)
2025-10-20 10:07:29,655 [INFO] PluginManage:310 - Check plugin power
2025-10-20 10:07:29,664 [INFO] PluginManage:359 - Loaded plugin power (category:power,tabindex:4)
2025-10-20 10:07:29,664 [INFO] PluginManage:310 - Check plugin projectmanager
2025-10-20 10:07:29,682 [INFO] PluginManage:359 - Loaded plugin projectmanager (category:projectmanager,tabindex:4)
2025-10-20 10:07:29,682 [INFO] PluginManage:310 - Check plugin rif
2025-10-20 10:07:29,689 [INFO] PluginManage:359 - Loaded plugin rif (category:base,tabindex:3)
2025-10-20 10:07:29,690 [INFO] PluginManage:310 - Check plugin thirdparty
2025-10-20 10:07:29,829 [WARN] IntegrityCheckThread:84 - waiting for thirdparty lock release [integrity check]
2025-10-20 10:07:29,829 [INFO] IntegrityCheckThread:86 - entering critical section [integrity check]
2025-10-20 10:07:29,830 [INFO] PluginManage:359 - Loaded plugin thirdparty (category:base,tabindex:-1)
2025-10-20 10:07:29,830 [INFO] ThirdPartyUpdaterWithRetryManager:70 - Updater plugin not ready yet. [1/15]
2025-10-20 10:07:29,830 [INFO] PluginManage:310 - Check plugin tools
2025-10-20 10:07:29,832 [INFO] PluginManage:359 - Loaded plugin tools (category:base,tabindex:7)
2025-10-20 10:07:29,832 [INFO] PluginManage:310 - Check plugin tutovideos
2025-10-20 10:07:30,026 [INFO] PluginManage:359 - Loaded plugin tutovideos (category:base,tabindex:-1)
2025-10-20 10:07:30,026 [INFO] PluginManage:310 - Check plugin updater
2025-10-20 10:07:30,057 [INFO] PluginManage:359 - Loaded plugin updater (category:base,tabindex:12)
2025-10-20 10:07:30,057 [INFO] PluginManage:310 - Check plugin userauth
2025-10-20 10:07:30,062 [INFO] UserAuth:118 - Init User Auth plugin
2025-10-20 10:07:30,063 [INFO] PluginManage:359 - Loaded plugin userauth (category:base,tabindex:14)
2025-10-20 10:07:30,064 [INFO] PluginManage:283 - PluginManage : Loaded plugins [18]
2025-10-20 10:07:30,282 [INFO] PinOutPanel:1589 - setPackage(No Configuration,No Configuration)
2025-10-20 10:07:30,395 [INFO] CADModel:165 - CPN selected for project level
2025-10-20 10:07:30,395 [INFO] CADModel:114 - Register for checkConnection events
2025-10-20 10:07:30,420 [INFO] IPUIPlugin:80 - create IPUIPlugin
2025-10-20 10:07:30,421 [INFO] PluginManager:220 - loadIPPluginJar : add adc
2025-10-20 10:07:30,425 [INFO] IPUIPlugin:80 - create IPUIPlugin
2025-10-20 10:07:30,425 [INFO] PluginManager:220 - loadIPPluginJar : add aes
2025-10-20 10:07:30,428 [INFO] IPUIPlugin:80 - create IPUIPlugin
2025-10-20 10:07:30,429 [INFO] PluginManager:220 - loadIPPluginJar : add can
2025-10-20 10:07:30,431 [INFO] IPUIPlugin:80 - create IPUIPlugin
2025-10-20 10:07:30,431 [INFO] PluginManager:220 - loadIPPluginJar : add comp
2025-10-20 10:07:30,435 [INFO] IPUIPlugin:80 - create IPUIPlugin
2025-10-20 10:07:30,435 [INFO] PluginManager:220 - loadIPPluginJar : add cryp
2025-10-20 10:07:30,441 [INFO] IPUIPlugin:80 - create IPUIPlugin
2025-10-20 10:07:30,441 [INFO] PluginManager:220 - loadIPPluginJar : add ddr_ctrl_phy
2025-10-20 10:07:30,445 [INFO] IPUIPlugin:80 - create IPUIPlugin
2025-10-20 10:07:30,446 [INFO] PluginManager:220 - loadIPPluginJar : add dfsdm
2025-10-20 10:07:30,453 [INFO] IPUIPlugin:80 - create IPUIPlugin
2025-10-20 10:07:30,454 [INFO] PluginManager:220 - loadIPPluginJar : add dma
2025-10-20 10:07:30,457 [INFO] IPUIPlugin:80 - create IPUIPlugin
2025-10-20 10:07:30,457 [INFO] PluginManager:220 - loadIPPluginJar : add dma3
2025-10-20 10:07:30,462 [INFO] IPUIPlugin:80 - create IPUIPlugin
2025-10-20 10:07:30,462 [INFO] PluginManager:220 - loadIPPluginJar : add extmemmanager
2025-10-20 10:07:30,464 [INFO] IPUIPlugin:80 - create IPUIPlugin
2025-10-20 10:07:30,464 [INFO] PluginManager:220 - loadIPPluginJar : add fatfs
2025-10-20 10:07:30,471 [INFO] IPUIPlugin:80 - create IPUIPlugin
2025-10-20 10:07:30,471 [INFO] PluginManager:220 - loadIPPluginJar : add fmc
2025-10-20 10:07:30,479 [INFO] IPUIPlugin:80 - create IPUIPlugin
2025-10-20 10:07:30,479 [INFO] PluginManager:220 - loadIPPluginJar : add freertos
2025-10-20 10:07:30,481 [INFO] IPUIPlugin:80 - create IPUIPlugin
2025-10-20 10:07:30,481 [INFO] PluginManager:220 - loadIPPluginJar : add genericplugin
2025-10-20 10:07:30,485 [INFO] IPUIPlugin:80 - create IPUIPlugin
2025-10-20 10:07:30,485 [INFO] PluginManager:220 - loadIPPluginJar : add gfxmmu
2025-10-20 10:07:30,491 [INFO] IPUIPlugin:80 - create IPUIPlugin
2025-10-20 10:07:30,491 [INFO] PluginManager:220 - loadIPPluginJar : add gic
2025-10-20 10:07:30,496 [INFO] IPUIPlugin:80 - create IPUIPlugin
2025-10-20 10:07:30,496 [INFO] PluginManager:220 - loadIPPluginJar : add gpio
2025-10-20 10:07:30,500 [INFO] IPUIPlugin:80 - create IPUIPlugin
2025-10-20 10:07:30,500 [INFO] PluginManager:220 - loadIPPluginJar : add gtzc
2025-10-20 10:07:30,504 [INFO] IPUIPlugin:80 - create IPUIPlugin
2025-10-20 10:07:30,504 [INFO] PluginManager:220 - loadIPPluginJar : add hash
2025-10-20 10:07:30,507 [INFO] IPUIPlugin:80 - create IPUIPlugin
2025-10-20 10:07:30,507 [INFO] PluginManager:220 - loadIPPluginJar : add i2c
2025-10-20 10:07:30,510 [INFO] IPUIPlugin:80 - create IPUIPlugin
2025-10-20 10:07:30,511 [INFO] PluginManager:220 - loadIPPluginJar : add i2s
2025-10-20 10:07:30,514 [INFO] IPUIPlugin:80 - create IPUIPlugin
2025-10-20 10:07:30,514 [INFO] PluginManager:220 - loadIPPluginJar : add i3c
2025-10-20 10:07:30,518 [INFO] IPUIPlugin:80 - create IPUIPlugin
2025-10-20 10:07:30,518 [INFO] PluginManager:220 - loadIPPluginJar : add ipddr
2025-10-20 10:07:30,525 [INFO] IPUIPlugin:80 - create IPUIPlugin
2025-10-20 10:07:30,525 [INFO] PluginManager:220 - loadIPPluginJar : add linkedlist
2025-10-20 10:07:30,528 [INFO] IPUIPlugin:80 - create IPUIPlugin
2025-10-20 10:07:30,529 [INFO] PluginManager:220 - loadIPPluginJar : add lorawan
2025-10-20 10:07:30,530 [INFO] IPUIPlugin:80 - create IPUIPlugin
2025-10-20 10:07:30,530 [INFO] PluginManager:220 - loadIPPluginJar : add ltdc
2025-10-20 10:07:30,537 [INFO] IPUIPlugin:80 - create IPUIPlugin
2025-10-20 10:07:30,537 [INFO] PluginManager:220 - loadIPPluginJar : add mdma
2025-10-20 10:07:30,542 [INFO] IPUIPlugin:80 - create IPUIPlugin
2025-10-20 10:07:30,542 [INFO] PluginManager:220 - loadIPPluginJar : add nvic
2025-10-20 10:07:30,546 [INFO] IPUIPlugin:80 - create IPUIPlugin
2025-10-20 10:07:30,546 [INFO] PluginManager:220 - loadIPPluginJar : add opamp
2025-10-20 10:07:30,551 [INFO] IPUIPlugin:80 - create IPUIPlugin
2025-10-20 10:07:30,551 [INFO] PluginManager:220 - loadIPPluginJar : add openamp
2025-10-20 10:07:30,555 [INFO] IPUIPlugin:80 - create IPUIPlugin
2025-10-20 10:07:30,555 [INFO] PluginManager:220 - loadIPPluginJar : add pdm2pcm
2025-10-20 10:07:30,563 [INFO] IPUIPlugin:80 - create IPUIPlugin
2025-10-20 10:07:30,568 [INFO] PluginManager:220 - loadIPPluginJar : add plateformsettings
2025-10-20 10:07:30,570 [INFO] IPUIPlugin:80 - create IPUIPlugin
2025-10-20 10:07:30,570 [INFO] PluginManager:220 - loadIPPluginJar : add quadspi
2025-10-20 10:07:30,572 [INFO] IPUIPlugin:80 - create IPUIPlugin
2025-10-20 10:07:30,573 [INFO] PluginManager:220 - loadIPPluginJar : add radio
2025-10-20 10:07:30,577 [INFO] IPUIPlugin:80 - create IPUIPlugin
2025-10-20 10:07:30,578 [INFO] PluginManager:220 - loadIPPluginJar : add resmgrutility
2025-10-20 10:07:30,582 [INFO] IPUIPlugin:80 - create IPUIPlugin
2025-10-20 10:07:30,582 [INFO] PluginManager:220 - loadIPPluginJar : add sai
2025-10-20 10:07:30,586 [INFO] IPUIPlugin:80 - create IPUIPlugin
2025-10-20 10:07:30,586 [INFO] PluginManager:220 - loadIPPluginJar : add spi
2025-10-20 10:07:30,594 [INFO] IPUIPlugin:80 - create IPUIPlugin
2025-10-20 10:07:30,595 [INFO] PluginManager:220 - loadIPPluginJar : add stm32_wpan
2025-10-20 10:07:30,597 [INFO] IPUIPlugin:80 - create IPUIPlugin
2025-10-20 10:07:30,597 [INFO] PluginManager:220 - loadIPPluginJar : add tim
2025-10-20 10:07:30,603 [INFO] IPUIPlugin:80 - create IPUIPlugin
2025-10-20 10:07:30,604 [INFO] PluginManager:220 - loadIPPluginJar : add touchsensing
2025-10-20 10:07:30,606 [INFO] IPUIPlugin:80 - create IPUIPlugin
2025-10-20 10:07:30,607 [INFO] PluginManager:220 - loadIPPluginJar : add tracer_emb
2025-10-20 10:07:30,609 [INFO] IPUIPlugin:80 - create IPUIPlugin
2025-10-20 10:07:30,609 [INFO] PluginManager:220 - loadIPPluginJar : add ts
2025-10-20 10:07:30,611 [INFO] IPUIPlugin:80 - create IPUIPlugin
2025-10-20 10:07:30,611 [INFO] PluginManager:220 - loadIPPluginJar : add tsc
2025-10-20 10:07:30,614 [INFO] IPUIPlugin:80 - create IPUIPlugin
2025-10-20 10:07:30,616 [INFO] PluginManager:220 - loadIPPluginJar : add ucpd
2025-10-20 10:07:30,619 [INFO] IPUIPlugin:80 - create IPUIPlugin
2025-10-20 10:07:30,620 [INFO] PluginManager:220 - loadIPPluginJar : add usart
2025-10-20 10:07:30,624 [INFO] IPUIPlugin:80 - create IPUIPlugin
2025-10-20 10:07:30,624 [INFO] PluginManager:220 - loadIPPluginJar : add usbx
2025-10-20 10:07:30,780 [FATAL] Updater:351 - Updater called before beeing initialized
2025-10-20 10:07:30,820 [INFO] RulesReader:64 - Compatibility file has been processed (317 Rules)
2025-10-20 10:07:30,838 [INFO] RulesReader:64 - Compatibility file has been processed (317 Rules)
2025-10-20 10:07:30,850 [INFO] CADModel:165 - CPN selected for project level
2025-10-20 10:07:30,850 [INFO] CADModel:114 - Register for checkConnection events
2025-10-20 10:07:30,850 [FATAL] Updater:351 - Updater called before beeing initialized
2025-10-20 10:07:30,850 [ERROR] CADModel:125 - Updater not yet initialized, retry later 
2025-10-20 10:07:31,077 [FATAL] Updater:351 - Updater called before beeing initialized
2025-10-20 10:07:31,079 [INFO] CADModel:165 - CPN selected for project level
2025-10-20 10:07:31,080 [INFO] CADModel:114 - Register for checkConnection events
2025-10-20 10:07:31,080 [FATAL] Updater:351 - Updater called before beeing initialized
2025-10-20 10:07:31,080 [ERROR] CADModel:125 - Updater not yet initialized, retry later 
2025-10-20 10:07:31,085 [FATAL] Updater:351 - Updater called before beeing initialized
2025-10-20 10:07:31,226 [FATAL] Updater:351 - Updater called before beeing initialized
2025-10-20 10:07:31,235 [INFO] DbMcusAds:53 - JSON generation date=Thu Oct 02 05:36:05 EDT 2025 (1759397765645)
2025-10-20 10:07:31,236 [FATAL] Updater:351 - Updater called before beeing initialized
2025-10-20 10:07:31,291 [WARN] DetailPanel:346 - Failed to get advertising image, set to default
2025-10-20 10:07:31,407 [FATAL] Updater:351 - Updater called before beeing initialized
2025-10-20 10:07:31,410 [FATAL] Updater:351 - Updater called before beeing initialized
2025-10-20 10:07:31,410 [FATAL] Updater:351 - Updater called before beeing initialized
2025-10-20 10:07:31,410 [WARN] DetailPanel:346 - Failed to get advertising image, set to default
2025-10-20 10:07:31,411 [FATAL] Updater:351 - Updater called before beeing initialized
2025-10-20 10:07:31,461 [ERROR] Updater:1198 - MainUpdater not yet initialized. External WinMGr cannot be set.
2025-10-20 10:07:31,462 [INFO] Updater:1134 - Updater Version found : 6.15.0
2025-10-20 10:07:31,482 [INFO] ApplicationProperties:184 - Using Application install path: C:\ST\STM32CubeIDE_1.19.0\STM32CubeIDE\plugins\com.st.stm32cube.common.mx_6.15.0.202507011659
2025-10-20 10:07:32,831 [INFO] ThirdPartyUpdaterWithRetryManager:70 - Updater plugin not ready yet. [2/15]
2025-10-20 10:07:33,057 [ERROR] LogOutputStream:75 - [STDERR_REDIRECT] Oct 20, 2025 10:07:33 AM java.util.prefs.WindowsPreferences <init>
2025-10-20 10:07:33,059 [ERROR] LogOutputStream:75 - [STDERR_REDIRECT] WARNING: Could not open/create prefs root node Software\JavaSoft\Prefs at root 0xffffffff80000002. Windows RegCreateKeyEx(...) returned error code 5.
2025-10-20 10:07:33,059 [ERROR] LogOutputStream:75 - [STDERR_REDIRECT] 
2025-10-20 10:07:33,294 [INFO] MainUpdater:2872 - connection check result : 10
2025-10-20 10:07:33,295 [INFO] MainUpdater:289 - Updater Check For Update Now.
2025-10-20 10:07:33,295 [INFO] MicroXplorer:498 - Change Database Version : DB.6.0.150
2025-10-20 10:07:33,302 [INFO] McuFinderGlobals:63 - Set McuFinder mode to 2 (CubeIDE integrated)
2025-10-20 10:07:33,303 [INFO] UserAuth:487 - Internet connection configuration mode: 1
2025-10-20 10:07:33,329 [INFO] JxBrowserEngine:152 - Initiate JxBrowser Engine with user profile folder
2025-10-20 10:07:33,492 [INFO] CheckServerUpdateThread:120 - End of CheckServer Thread
2025-10-20 10:07:34,024 [INFO] WebApp:169 - Instantiating new browser for Auth
2025-10-20 10:07:34,930 [INFO] WebApp:463 - Apply proxy settings
2025-10-20 10:07:34,932 [INFO] WebApp:548 - Chromium requires no authentication
2025-10-20 10:07:34,942 [INFO] WebApp:491 - Direct internet connection detected
2025-10-20 10:07:34,983 [INFO] WebApp:900 - Register for checkConnection events
2025-10-20 10:07:34,983 [INFO] WebApp:463 - Apply proxy settings
2025-10-20 10:07:34,983 [INFO] WebApp:548 - Chromium requires no authentication
2025-10-20 10:07:34,984 [INFO] WebApp:491 - Direct internet connection detected
2025-10-20 10:07:35,158 [INFO] WebApp:191 - Connection restablished
2025-10-20 10:07:35,248 [INFO] WebApp:225 - Starting web application
2025-10-20 10:07:35,248 [INFO] WebApp:593 - Web application path used C:\ST\STM32CubeIDE_1.19.0\STM32CubeIDE\plugins\com.st.stm32cube.common.mx_6.15.0.202507011659\db\plugins\mcufinder\reactClient1\index.html
2025-10-20 10:07:35,415 [INFO] UserAuth:487 - Internet connection configuration mode: 1
2025-10-20 10:07:36,158 [WARN] PackLoader:240 - Cannot read IP mode file for STMicroelectronics.FP-SNS-MOTENVWB1.1.4.0
2025-10-20 10:07:36,171 [WARN] PackLoader:240 - Cannot read IP mode file for STMicroelectronics.FP-ATR-ASTRA1.2.0.2
2025-10-20 10:07:36,176 [WARN] PackLoader:240 - Cannot read IP mode file for STMicroelectronics.FP-ATR-ASTRA1.2.0.1
2025-10-20 10:07:36,188 [WARN] PackLoader:240 - Cannot read IP mode file for STMicroelectronics.X-CUBE-SMBUS.2.1.0
2025-10-20 10:07:36,200 [WARN] PackLoader:240 - Cannot read IP mode file for STMicroelectronics.X-CUBE-WB05N.1.1.0
2025-10-20 10:07:36,209 [WARN] PackLoader:240 - Cannot read IP mode file for STMicroelectronics.X-CUBE-ST60.1.0.0
2025-10-20 10:07:36,257 [WARN] PackLoader:240 - Cannot read IP mode file for STMicroelectronics.X-CUBE-AZRTOS-F7.1.1.0
2025-10-20 10:07:36,269 [WARN] PackLoader:240 - Cannot read IP mode file for STMicroelectronics.FP-SNS-FLIGHT1.5.0.2
2025-10-20 10:07:36,322 [WARN] PackLoader:240 - Cannot read IP mode file for Infineon.AIROC-Wi-Fi-Bluetooth-STM32.1.7.0
2025-10-20 10:07:36,368 [WARN] PackLoader:240 - Cannot read IP mode file for STMicroelectronics.X-CUBE-AZRTOS-H7.3.4.0
2025-10-20 10:07:36,381 [WARN] PackLoader:240 - Cannot read IP mode file for STMicroelectronics.X-CUBE-DISPLAY.3.0.0
2025-10-20 10:07:36,397 [WARN] PackLoader:240 - Cannot read IP mode file for STMicroelectronics.X-CUBE-BLE1.7.0.0
2025-10-20 10:07:36,408 [WARN] PackLoader:240 - Cannot read IP mode file for STMicroelectronics.X-CUBE-NFC10.1.0.0
2025-10-20 10:07:36,426 [WARN] PackLoader:240 - Cannot read IP mode file for STMicroelectronics.X-CUBE-BLEMGR.4.0.0
2025-10-20 10:07:36,442 [WARN] PackLoader:240 - Cannot read IP mode file for STMicroelectronics.X-CUBE-ST60.1.1.0
2025-10-20 10:07:36,451 [WARN] PackLoader:240 - Cannot read IP mode file for emotas.I-CUBE-CANOPEN.1.3.0
2025-10-20 10:07:36,459 [WARN] PackLoader:240 - Cannot read IP mode file for STMicroelectronics.FP-SNS-STBOX1.2.1.0
2025-10-20 10:07:36,470 [WARN] PackLoader:240 - Cannot read IP mode file for STMicroelectronics.FP-SNS-SMARTAG2.1.2.0
2025-10-20 10:07:36,476 [WARN] PackLoader:240 - Cannot read IP mode file for STMicroelectronics.FP-SNS-FLIGHT1.5.1.0
2025-10-20 10:07:36,564 [WARN] PackLoader:240 - Cannot read IP mode file for STMicroelectronics.X-CUBE-MEMS1.11.1.0
2025-10-20 10:07:36,822 [INFO] LogOutputStream:77 - [STDOUT_REDIRECT] 1 : Invalid condition id : UX_CORESTACK_Condition cause : null
2025-10-20 10:07:36,823 [INFO] LogOutputStream:77 - [STDOUT_REDIRECT] 1 : Invalid condition id : UX_CORESTACK_Condition cause : null
2025-10-20 10:07:36,825 [INFO] LogOutputStream:77 - [STDOUT_REDIRECT] 1 : Invalid condition id : UX_CORESTACK_Condition cause : null
2025-10-20 10:07:36,827 [INFO] LogOutputStream:77 - [STDOUT_REDIRECT] 1 : Invalid condition id : UX_CORESTACK_Condition cause : null
2025-10-20 10:07:36,831 [INFO] LogOutputStream:77 - [STDOUT_REDIRECT] 1 : Invalid condition id : UX_CORESTACK_Condition cause : null
2025-10-20 10:07:36,835 [WARN] PackLoader:240 - Cannot read IP mode file for STMicroelectronics.X-CUBE-AZRTOS-WL.2.0.0
2025-10-20 10:07:36,843 [WARN] PackLoader:240 - Cannot read IP mode file for STMicroelectronics.FP-SNS-MOTENV1.5.0.0
2025-10-20 10:07:36,851 [WARN] PackLoader:240 - Cannot read IP mode file for wolfSSL.I-CUBE-wolfMQTT.1.19.0
2025-10-20 10:07:36,862 [WARN] PackLoader:240 - Cannot read IP mode file for WES.I-CUBE-Cesium.1.3.0
2025-10-20 10:07:36,869 [WARN] PackLoader:240 - Cannot read IP mode file for STMicroelectronics.X-CUBE-BLE2.3.3.0
2025-10-20 10:07:36,878 [WARN] PackLoader:240 - Cannot read IP mode file for STMicroelectronics.X-CUBE-NFC9.1.0.0
2025-10-20 10:07:36,886 [WARN] PackLoader:240 - Cannot read IP mode file for STMicroelectronics.X-CUBE-BLE1.7.1.0
2025-10-20 10:07:36,894 [WARN] PackLoader:240 - Cannot read IP mode file for STMicroelectronics.X-CUBE-EEPRMA1.5.2.0
2025-10-20 10:07:36,939 [WARN] PackLoader:240 - Cannot read IP mode file for STMicroelectronics.X-CUBE-ST67W61.1.1.0
2025-10-20 10:07:36,964 [WARN] PackLoader:240 - Cannot read IP mode file for STMicroelectronics.X-CUBE-AZRTOS-G0.1.1.0
2025-10-20 10:07:36,975 [WARN] PackLoader:240 - Cannot read IP mode file for STMicroelectronics.X-CUBE-SAFEA1.1.2.2
2025-10-20 10:07:36,984 [WARN] PackLoader:240 - Cannot read IP mode file for STMicroelectronics.X-CUBE-NFC4.3.0.0
2025-10-20 10:07:36,997 [WARN] PackLoader:240 - Cannot read IP mode file for EmbeddedOffice.I-CUBE-FS-RTOS.1.0.1
2025-10-20 10:07:37,005 [WARN] PackLoader:240 - Cannot read IP mode file for STMicroelectronics.X-CUBE-WB05N.2.0.0
2025-10-20 10:07:37,012 [WARN] PackLoader:240 - Cannot read IP mode file for STMicroelectronics.X-CUBE-TCPP.4.2.0
2025-10-20 10:07:37,018 [WARN] PackLoader:240 - Cannot read IP mode file for RealThread.X-CUBE-RT-Thread_Nano.4.1.1
2025-10-20 10:07:37,023 [WARN] PackLoader:240 - Cannot read IP mode file for STMicroelectronics.FP-ATR-SIGFOX1.3.2.0
2025-10-20 10:07:37,029 [WARN] ConditionMgr:438 - getConditionDescription Invalid condition id : Cortex-A Device cause : null
2025-10-20 10:07:37,054 [WARN] ConditionMgr:1044 - genDependencies : Invalid condition id : Cortex-A Device cause : null
2025-10-20 10:07:37,054 [WARN] ConditionMgr:1044 - genDependencies : Invalid condition id : Cortex-A Device cause : null
2025-10-20 10:07:37,054 [WARN] ConditionMgr:1044 - genDependencies : Invalid condition id : Cortex-A Device cause : null
2025-10-20 10:07:37,062 [WARN] PackLoader:240 - Cannot read IP mode file for STMicroelectronics.X-CUBE-EEPRMA1.5.1.0
2025-10-20 10:07:37,068 [WARN] PackLoader:240 - Cannot read IP mode file for wolfSSL.I-CUBE-wolfSSL.5.7.4
2025-10-20 10:07:37,076 [WARN] PackLoader:240 - Cannot read IP mode file for ITTIA_DB.I-CUBE-ITTIADB.8.9.0
2025-10-20 10:07:37,081 [WARN] PackLoader:240 - Cannot read IP mode file for STMicroelectronics.X-CUBE-ST67W61.1.0.0
2025-10-20 10:07:37,085 [WARN] PackLoader:240 - Cannot read IP mode file for STMicroelectronics.X-CUBE-AI.10.2.0
2025-10-20 10:07:37,118 [WARN] PackLoader:240 - Cannot read IP mode file for SEGGER.I-CUBE-embOS.1.3.1
2025-10-20 10:07:37,175 [WARN] PackLoader:240 - Cannot read IP mode file for STMicroelectronics.X-CUBE-ALGOBUILD.1.4.0
2025-10-20 10:07:37,227 [WARN] PackLoader:240 - Cannot read IP mode file for STMicroelectronics.X-CUBE-MEMS1.11.3.0
2025-10-20 10:07:37,363 [WARN] PackLoader:240 - Cannot read IP mode file for STMicroelectronics.X-CUBE-AI.9.1.0
2025-10-20 10:07:37,369 [WARN] PackLoader:240 - Cannot read IP mode file for STMicroelectronics.X-CUBE-PM33A1.1.0.0
2025-10-20 10:07:37,385 [WARN] PackLoader:240 - Cannot read IP mode file for STMicroelectronics.X-CUBE-AZRTOS-F4.1.1.0
2025-10-20 10:07:37,393 [WARN] PackLoader:240 - Cannot read IP mode file for STMicroelectronics.X-CUBE-ISPU.2.1.0
2025-10-20 10:07:37,409 [WARN] PackLoader:240 - Cannot read IP mode file for STMicroelectronics.X-CUBE-IPS.3.2.0
2025-10-20 10:07:37,431 [WARN] PackLoader:240 - Cannot read IP mode file for STMicroelectronics.X-CUBE-NFC12.1.0.0
2025-10-20 10:07:37,450 [WARN] PackLoader:240 - Cannot read IP mode file for STMicroelectronics.X-CUBE-AZRTOS-L5.2.0.0
2025-10-20 10:07:37,459 [WARN] PackLoader:240 - Cannot read IP mode file for STMicroelectronics.X-CUBE-NFC6.3.1.0
2025-10-20 10:07:37,468 [WARN] PackLoader:240 - Cannot read IP mode file for STMicroelectronics.X-CUBE-DPower.1.2.0
2025-10-20 10:07:37,474 [WARN] PackLoader:240 - Cannot read IP mode file for STMicroelectronics.X-CUBE-FREERTOS.1.3.1
2025-10-20 10:07:37,477 [WARN] PackLoader:240 - Cannot read IP mode file for STMicroelectronics.X-CUBE-FREERTOS.1.3.0
2025-10-20 10:07:37,483 [WARN] PackLoader:240 - Cannot read IP mode file for STMicroelectronics.X-CUBE-NFC7.1.0.1
2025-10-20 10:07:37,489 [WARN] PackLoader:240 - Cannot read IP mode file for STMicroelectronics.X-CUBE-TOUCHGFX.4.26.0
2025-10-20 10:07:37,494 [WARN] PackLoader:240 - Cannot read IP mode file for STMicroelectronics.FP-SNS-STAIOTCFT.1.0.0
2025-10-20 10:07:37,500 [WARN] PackLoader:240 - Cannot read IP mode file for STMicroelectronics.X-CUBE-DPower.1.3.0
2025-10-20 10:07:37,520 [WARN] ConditionMgr:438 - getConditionDescription Invalid condition id : LAN8742 Phy interface Condition cause : null
2025-10-20 10:07:37,521 [WARN] PackLoader:240 - Cannot read IP mode file for STMicroelectronics.X-CUBE-AZRTOS-L4.2.0.0
2025-10-20 10:07:37,523 [WARN] ConditionMgr:1044 - genDependencies : Invalid condition id : LAN8742 Phy interface Condition cause : null
2025-10-20 10:07:37,523 [WARN] ConditionMgr:1044 - genDependencies : Invalid condition id : LAN8742 Phy interface Condition cause : null
2025-10-20 10:07:37,524 [WARN] ConditionMgr:1044 - genDependencies : Invalid condition id : LAN8742 Phy interface Condition cause : null
2025-10-20 10:07:37,532 [WARN] PackLoader:240 - Cannot read IP mode file for STMicroelectronics.X-CUBE-SFXS2LP1.4.0.0
2025-10-20 10:07:37,559 [WARN] PackLoader:240 - Cannot read IP mode file for STMicroelectronics.X-CUBE-AZRTOS-H7.3.3.0
2025-10-20 10:07:37,576 [WARN] PackLoader:240 - Cannot read IP mode file for STMicroelectronics.X-CUBE-BLEMGR.4.1.0
2025-10-20 10:07:37,597 [WARN] ConditionMgr:438 - getConditionDescription Invalid condition id : UX DEVICE CLASS RTOS Condition cause : null
2025-10-20 10:07:37,597 [WARN] ConditionMgr:438 - getConditionDescription Invalid condition id : UX DEVICE CLASS RTOS Condition cause : null
2025-10-20 10:07:37,600 [WARN] PackLoader:240 - Cannot read IP mode file for STMicroelectronics.X-CUBE-AZRTOS-WB.2.0.0
2025-10-20 10:07:37,601 [WARN] ConditionMgr:1044 - genDependencies : Invalid condition id : UX DEVICE CLASS RTOS Condition cause : null
2025-10-20 10:07:37,601 [WARN] ConditionMgr:1044 - genDependencies : Invalid condition id : UX DEVICE CLASS RTOS Condition cause : null
2025-10-20 10:07:37,601 [WARN] ConditionMgr:1044 - genDependencies : Invalid condition id : UX DEVICE CLASS RTOS Condition cause : null
2025-10-20 10:07:37,602 [WARN] ConditionMgr:1044 - genDependencies : Invalid condition id : UX DEVICE CLASS RTOS Condition cause : null
2025-10-20 10:07:37,602 [WARN] ConditionMgr:1044 - genDependencies : Invalid condition id : UX DEVICE CLASS RTOS Condition cause : null
2025-10-20 10:07:37,609 [WARN] PackLoader:240 - Cannot read IP mode file for STMicroelectronics.X-CUBE-GNSS1.7.0.1
2025-10-20 10:07:37,616 [WARN] PackLoader:240 - Cannot read IP mode file for STMicroelectronics.FP-SNS-STBOX1.2.0.0
2025-10-20 10:07:37,631 [WARN] PackLoader:240 - Cannot read IP mode file for STMicroelectronics.X-CUBE-SUBG2.5.0.0
2025-10-20 10:07:37,659 [WARN] PackLoader:240 - Cannot read IP mode file for STMicroelectronics.X-CUBE-AZRTOS-H7RS.1.1.0
2025-10-20 10:07:37,668 [WARN] PackLoader:240 - Cannot read IP mode file for Cesanta.I-CUBE-Mongoose.7.13.0
2025-10-20 10:07:37,686 [WARN] PackLoader:240 - Cannot read IP mode file for STMicroelectronics.X-CUBE-AZRTOS-G4.2.0.0
2025-10-20 10:07:37,692 [WARN] PackLoader:240 - Cannot read IP mode file for STMicroelectronics.X-CUBE-NFC7.2.0.0
2025-10-20 10:07:37,706 [WARN] PackLoader:240 - Cannot read IP mode file for STMicroelectronics.X-CUBE-IPS.3.1.0
2025-10-20 10:07:37,719 [WARN] PackLoader:240 - Cannot read IP mode file for STMicroelectronics.X-CUBE-ALS.1.0.2
2025-10-20 10:07:37,723 [WARN] PackLoader:240 - Cannot read IP mode file for STMicroelectronics.X-CUBE-TOUCHGFX.4.24.2
2025-10-20 10:07:37,732 [WARN] PackLoader:240 - Cannot read IP mode file for STMicroelectronics.X-CUBE-STSE01.1.0.0
2025-10-20 10:07:37,738 [WARN] PackLoader:240 - Cannot read IP mode file for wolfSSL.I-CUBE-wolfTPM.3.4.0
2025-10-20 10:07:37,745 [WARN] PackLoader:240 - Cannot read IP mode file for portGmbH.I-Cube-SoM-uGOAL.1.1.0
2025-10-20 10:07:37,780 [WARN] PackLoader:240 - Cannot read IP mode file for STMicroelectronics.X-CUBE-AZRTOS-H7RS.1.0.0
2025-10-20 10:07:37,811 [WARN] PackLoader:240 - Cannot read IP mode file for STMicroelectronics.X-CUBE-TOF1.3.4.2
2025-10-20 10:07:37,837 [WARN] PackLoader:240 - Cannot read IP mode file for STMicroelectronics.X-CUBE-TOF1.3.4.3
2025-10-20 10:07:37,861 [WARN] PackLoader:240 - Cannot read IP mode file for wolfSSL.I-CUBE-wolfSSH.1.4.17
2025-10-20 10:07:37,862 [INFO] ThirdParty:978 - Integrity check success = true
2025-10-20 10:07:37,862 [INFO] IntegrityCheckThread:100 - exiting critical section [integrity check]
2025-10-20 10:07:37,862 [INFO] IntegrityCheckThread:103 - End integrity checks thread
2025-10-20 10:08:59,589 [ERROR] LogOutputStream:75 - [STDERR_REDIRECT] Exception in thread "SWV client thread" java.lang.NullPointerException: Cannot invoke "com.st.stm32cube.ide.mcu.debug.swv.core.SWVPlugin.isDebugging()" because "com.st.stm32cube.ide.mcu.debug.swv.core.SWVPlugin.plugin" is null
2025-10-20 10:08:59,592 [ERROR] LogOutputStream:75 - [STDERR_REDIRECT] 	at com.st.stm32cube.ide.mcu.debug.swv.core.SWVPlugin.debugTrace(SWVPlugin.java:85)
2025-10-20 10:08:59,594 [ERROR] LogOutputStream:75 - [STDERR_REDIRECT] 	at com.st.stm32cube.ide.mcu.debug.swv.core.SWVClient.TRACE(SWVClient.java:768)
2025-10-20 10:08:59,599 [ERROR] LogOutputStream:75 - [STDERR_REDIRECT] 	at com.st.stm32cube.ide.mcu.debug.swv.core.SWVClient.readByte(SWVClient.java:296)
2025-10-20 10:08:59,600 [ERROR] LogOutputStream:75 - [STDERR_REDIRECT] 	at com.st.stm32cube.ide.mcu.debug.swv.core.SWVClient.getNextByte(SWVClient.java:277)
2025-10-20 10:08:59,602 [ERROR] LogOutputStream:75 - [STDERR_REDIRECT] 	at com.st.stm32cube.ide.mcu.debug.swv.core.SWVClient.run(SWVClient.java:313)
2025-10-20 11:26:14,899 [INFO] LogOutputStream:77 - [STDOUT_REDIRECT] StartTraceHandler.execute(), success : Collect=false
2025-10-20 11:26:18,530 [INFO] LogOutputStream:77 - [STDOUT_REDIRECT] StartTraceHandler.execute(), success : Collect=true
