2025-10-20 10:06:34,955 [INFO] Activator:176 - 


2025-10-20 10:06:34,958 [INFO] Activator:177 - !SESSION log4j initialized
2025-10-20 10:06:37,595 [INFO] LogOutputStream:77 - [STDOUT_REDIRECT] 
2025-10-20 10:06:39,629 [INFO] ApplicationProperties:184 - Using Application install path: C:\ST\STM32CubeIDE_1.19.0\STM32CubeIDE\plugins\com.st.stm32cube.common.mx_6.15.0.202507011659
2025-10-20 10:06:39,647 [INFO] DbMcusXml:78 - Set database path to: C:\ST\STM32CubeIDE_1.19.0\STM32CubeIDE\plugins\com.st.stm32cube.common.mx_6.15.0.202507011659\\db\/mcu/
2025-10-20 10:06:39,648 [INFO] ApiDb:274 - Set plugin database path to: C:\ST\STM32CubeIDE_1.19.0\STM32CubeIDE\plugins\com.st.stm32cube.common.mx_6.15.0.202507011659\\db\/plugins/boardmanager/
2025-10-20 10:06:39,650 [WARN] ApiDb:259 - Overriding images path with different value:  => C:\ST\STM32CubeIDE_1.19.0\STM32CubeIDE\plugins\com.st.stm32cube.common.mx_6.15.0.202507011659\\db\/plugins/mcufinder/images/
2025-10-20 10:06:39,657 [INFO] ApiDb:250 - Set database path to: C:\Users\favas\.stmcufinder\plugins\mcufinder//mcu/
2025-10-20 10:06:39,658 [INFO] DbMcusAds:125 - Set database path to: C:\Users\favas\.stmcufinder\plugins\mcufinder//mcu/
2025-10-20 10:06:39,662 [INFO] CrossReferenceDbSqlite:203 - Set database path to: C:\Users\favas\.stmcufinder\plugins\mcufinder//mcu/cs/
2025-10-20 10:06:39,794 [INFO] RulesReader:64 - Compatibility file has been processed (317 Rules)
2025-10-20 10:06:39,880 [INFO] DbMcusXml:78 - Set database path to: C:\ST\STM32CubeIDE_1.19.0\STM32CubeIDE\plugins\com.st.stm32cube.common.mx_6.15.0.202507011659\\db\/mcu/
2025-10-20 10:06:39,880 [INFO] ApiDb:274 - Set plugin database path to: C:\ST\STM32CubeIDE_1.19.0\STM32CubeIDE\plugins\com.st.stm32cube.common.mx_6.15.0.202507011659\\db\/plugins/boardmanager/
2025-10-20 10:06:39,881 [INFO] ApiDb:261 - Set plugin images path to: C:\ST\STM32CubeIDE_1.19.0\STM32CubeIDE\plugins\com.st.stm32cube.common.mx_6.15.0.202507011659\\db\/plugins/mcufinder/images/
2025-10-20 10:06:39,881 [WARN] DbFile:41 - Overriding database path with different value: C:\Users\favas\.stmcufinder\plugins\mcufinder/ => C:\Users\favas\.stmcufinder\plugins\mcufinder
2025-10-20 10:06:39,881 [INFO] ApiDb:250 - Set database path to: C:\Users\favas\.stmcufinder\plugins\mcufinder//mcu/
2025-10-20 10:06:39,881 [WARN] DbFile:41 - Overriding database path with different value: C:\Users\favas\.stmcufinder\plugins\mcufinder/ => C:\Users\favas\.stmcufinder\plugins\mcufinder
2025-10-20 10:06:39,881 [INFO] DbMcusAds:125 - Set database path to: C:\Users\favas\.stmcufinder\plugins\mcufinder//mcu/
2025-10-20 10:06:39,881 [WARN] DbFile:41 - Overriding database path with different value: C:\Users\favas\.stmcufinder\plugins\mcufinder/ => C:\Users\favas\.stmcufinder\plugins\mcufinder
2025-10-20 10:06:39,881 [WARN] DbFile:41 - Overriding database path with different value: C:\Users\favas\.stmcufinder\plugins\mcufinder/ => C:\Users\favas\.stmcufinder\plugins\mcufinder
2025-10-20 10:06:39,881 [INFO] CrossReferenceDbSqlite:203 - Set database path to: C:\Users\favas\.stmcufinder\plugins\mcufinder//mcu/cs/
2025-10-20 10:06:39,965 [INFO] MainPanel:274 - HeapMemory: 268435456
2025-10-20 10:06:40,050 [INFO] DbMcusXml:78 - Set database path to: C:\ST\STM32CubeIDE_1.19.0\STM32CubeIDE\plugins\com.st.stm32cube.common.mx_6.15.0.202507011659\\db\/mcu/
2025-10-20 10:06:40,051 [INFO] ApiDb:274 - Set plugin database path to: C:\ST\STM32CubeIDE_1.19.0\STM32CubeIDE\plugins\com.st.stm32cube.common.mx_6.15.0.202507011659\\db\/plugins/boardmanager/
2025-10-20 10:06:40,051 [INFO] ApiDb:261 - Set plugin images path to: C:\ST\STM32CubeIDE_1.19.0\STM32CubeIDE\plugins\com.st.stm32cube.common.mx_6.15.0.202507011659\\db\/plugins/mcufinder/images/
2025-10-20 10:06:40,051 [WARN] DbFile:41 - Overriding database path with different value: C:\Users\favas\.stmcufinder\plugins\mcufinder/ => C:\Users\favas\.stmcufinder\plugins\mcufinder
2025-10-20 10:06:40,051 [INFO] ApiDb:250 - Set database path to: C:\Users\favas\.stmcufinder\plugins\mcufinder//mcu/
2025-10-20 10:06:40,051 [WARN] DbFile:41 - Overriding database path with different value: C:\Users\favas\.stmcufinder\plugins\mcufinder/ => C:\Users\favas\.stmcufinder\plugins\mcufinder
2025-10-20 10:06:40,051 [INFO] DbMcusAds:125 - Set database path to: C:\Users\favas\.stmcufinder\plugins\mcufinder//mcu/
2025-10-20 10:06:40,051 [WARN] DbFile:41 - Overriding database path with different value: C:\Users\favas\.stmcufinder\plugins\mcufinder/ => C:\Users\favas\.stmcufinder\plugins\mcufinder
2025-10-20 10:06:40,051 [WARN] DbFile:41 - Overriding database path with different value: C:\Users\favas\.stmcufinder\plugins\mcufinder/ => C:\Users\favas\.stmcufinder\plugins\mcufinder
2025-10-20 10:06:40,052 [INFO] CrossReferenceDbSqlite:203 - Set database path to: C:\Users\favas\.stmcufinder\plugins\mcufinder//mcu/cs/
2025-10-20 10:06:40,071 [INFO] ApplicationProperties:184 - Using Application install path: C:\ST\STM32CubeIDE_1.19.0\STM32CubeIDE\plugins\com.st.stm32cube.common.mx_6.15.0.202507011659
2025-10-20 10:06:40,072 [INFO] PluginManage:196 - Search for loadable plugins [exclusion list=, ]
2025-10-20 10:06:40,074 [INFO] PluginManage:310 - Check plugin analytics
2025-10-20 10:06:40,270 [INFO] AnalyticsPlugin:253 - Accepted Software Licenses: 
2025-10-20 10:06:40,271 [INFO] AnalyticsPlugin:255 - Accepted CMSIS Pack Licenses: 
2025-10-20 10:06:40,271 [INFO] AnalyticsPlugin:257 - Accepted Firmware Licenses: FW.F4.1.28.0
2025-10-20 10:06:40,273 [INFO] PluginManage:359 - Loaded plugin analytics (category:tool,tabindex:-1)
2025-10-20 10:06:40,274 [INFO] PluginManage:310 - Check plugin cadmodel
2025-10-20 10:06:40,278 [INFO] CADModel:105 - Init CAD model plugin
2025-10-20 10:06:40,278 [INFO] PluginManage:359 - Loaded plugin cadmodel (category:power,tabindex:5)
2025-10-20 10:06:40,280 [INFO] PluginManage:310 - Check plugin clock
2025-10-20 10:06:40,288 [INFO] PluginManage:359 - Loaded plugin clock (category:base,tabindex:2)
2025-10-20 10:06:40,288 [INFO] PluginManage:310 - Check plugin ddr
2025-10-20 10:06:40,290 [INFO] PluginManage:359 - Loaded plugin ddr (category:tool,tabindex:6)
2025-10-20 10:06:40,290 [INFO] PluginManage:310 - Check plugin filemanager
2025-10-20 10:06:40,557 [INFO] PluginManage:359 - Loaded plugin filemanager (category:base,tabindex:10)
2025-10-20 10:06:40,558 [INFO] PluginManage:310 - Check plugin ipmanager
2025-10-20 10:06:40,568 [INFO] PluginManage:359 - Loaded plugin ipmanager (category:base,tabindex:5)
2025-10-20 10:06:40,568 [INFO] PluginManage:310 - Check plugin lpbam
2025-10-20 10:06:40,582 [INFO] PluginManage:359 - Loaded plugin lpbam (category:base,tabindex:0)
2025-10-20 10:06:40,582 [INFO] PluginManage:310 - Check plugin memorymap
2025-10-20 10:06:40,608 [INFO] PluginManage:359 - Loaded plugin memorymap (category:base,tabindex:4)
2025-10-20 10:06:40,608 [INFO] PluginManage:310 - Check plugin pinoutandconfiguration
2025-10-20 10:06:40,622 [INFO] PluginManage:359 - Loaded plugin pinoutandconfiguration (category:base,tabindex:1)
2025-10-20 10:06:40,622 [INFO] PluginManage:310 - Check plugin pinoutconfig
2025-10-20 10:06:40,746 [WARN] SupportedApi:132 - Cannot load RTOS API schema: s4s-elt-must-match.1: The content of 'definitions' must match (annotation?, (simpleType | complexType)?, (unique | key | keyref)*)). A problem was found starting at: attribute.
2025-10-20 10:06:40,897 [INFO] PluginManage:359 - Loaded plugin pinoutconfig (category:base,tabindex:0)
2025-10-20 10:06:40,897 [INFO] PluginManage:310 - Check plugin power
2025-10-20 10:06:40,904 [INFO] PluginManage:359 - Loaded plugin power (category:power,tabindex:4)
2025-10-20 10:06:40,905 [INFO] PluginManage:310 - Check plugin projectmanager
2025-10-20 10:06:40,926 [INFO] PluginManage:359 - Loaded plugin projectmanager (category:projectmanager,tabindex:4)
2025-10-20 10:06:40,926 [INFO] PluginManage:310 - Check plugin rif
2025-10-20 10:06:40,937 [INFO] PluginManage:359 - Loaded plugin rif (category:base,tabindex:3)
2025-10-20 10:06:40,938 [INFO] PluginManage:310 - Check plugin thirdparty
2025-10-20 10:06:41,081 [INFO] PluginManage:359 - Loaded plugin thirdparty (category:base,tabindex:-1)
2025-10-20 10:06:41,081 [INFO] PluginManage:310 - Check plugin tools
2025-10-20 10:06:41,081 [WARN] IntegrityCheckThread:84 - waiting for thirdparty lock release [integrity check]
2025-10-20 10:06:41,082 [INFO] IntegrityCheckThread:86 - entering critical section [integrity check]
2025-10-20 10:06:41,082 [INFO] ThirdPartyUpdaterWithRetryManager:70 - Updater plugin not ready yet. [1/15]
2025-10-20 10:06:41,085 [INFO] PluginManage:359 - Loaded plugin tools (category:base,tabindex:7)
2025-10-20 10:06:41,085 [INFO] PluginManage:310 - Check plugin tutovideos
2025-10-20 10:06:41,270 [INFO] PluginManage:359 - Loaded plugin tutovideos (category:base,tabindex:-1)
2025-10-20 10:06:41,271 [INFO] PluginManage:310 - Check plugin updater
2025-10-20 10:06:41,293 [INFO] PluginManage:359 - Loaded plugin updater (category:base,tabindex:12)
2025-10-20 10:06:41,294 [INFO] PluginManage:310 - Check plugin userauth
2025-10-20 10:06:41,299 [INFO] UserAuth:118 - Init User Auth plugin
2025-10-20 10:06:41,301 [INFO] PluginManage:359 - Loaded plugin userauth (category:base,tabindex:14)
2025-10-20 10:06:41,301 [INFO] PluginManage:283 - PluginManage : Loaded plugins [18]
2025-10-20 10:06:41,567 [INFO] PinOutPanel:1589 - setPackage(No Configuration,No Configuration)
2025-10-20 10:06:41,689 [INFO] CADModel:165 - CPN selected for project level
2025-10-20 10:06:41,690 [INFO] CADModel:114 - Register for checkConnection events
2025-10-20 10:06:41,706 [INFO] IPUIPlugin:80 - create IPUIPlugin
2025-10-20 10:06:41,707 [INFO] PluginManager:220 - loadIPPluginJar : add adc
2025-10-20 10:06:41,709 [INFO] IPUIPlugin:80 - create IPUIPlugin
2025-10-20 10:06:41,709 [INFO] PluginManager:220 - loadIPPluginJar : add aes
2025-10-20 10:06:41,714 [INFO] IPUIPlugin:80 - create IPUIPlugin
2025-10-20 10:06:41,716 [INFO] PluginManager:220 - loadIPPluginJar : add can
2025-10-20 10:06:41,721 [INFO] IPUIPlugin:80 - create IPUIPlugin
2025-10-20 10:06:41,721 [INFO] PluginManager:220 - loadIPPluginJar : add comp
2025-10-20 10:06:41,724 [INFO] IPUIPlugin:80 - create IPUIPlugin
2025-10-20 10:06:41,724 [INFO] PluginManager:220 - loadIPPluginJar : add cryp
2025-10-20 10:06:41,729 [INFO] IPUIPlugin:80 - create IPUIPlugin
2025-10-20 10:06:41,730 [INFO] PluginManager:220 - loadIPPluginJar : add ddr_ctrl_phy
2025-10-20 10:06:41,734 [INFO] IPUIPlugin:80 - create IPUIPlugin
2025-10-20 10:06:41,734 [INFO] PluginManager:220 - loadIPPluginJar : add dfsdm
2025-10-20 10:06:41,738 [INFO] IPUIPlugin:80 - create IPUIPlugin
2025-10-20 10:06:41,739 [INFO] PluginManager:220 - loadIPPluginJar : add dma
2025-10-20 10:06:41,742 [INFO] IPUIPlugin:80 - create IPUIPlugin
2025-10-20 10:06:41,743 [INFO] PluginManager:220 - loadIPPluginJar : add dma3
2025-10-20 10:06:41,747 [INFO] IPUIPlugin:80 - create IPUIPlugin
2025-10-20 10:06:41,749 [INFO] PluginManager:220 - loadIPPluginJar : add extmemmanager
2025-10-20 10:06:41,751 [INFO] IPUIPlugin:80 - create IPUIPlugin
2025-10-20 10:06:41,751 [INFO] PluginManager:220 - loadIPPluginJar : add fatfs
2025-10-20 10:06:41,756 [INFO] IPUIPlugin:80 - create IPUIPlugin
2025-10-20 10:06:41,756 [INFO] PluginManager:220 - loadIPPluginJar : add fmc
2025-10-20 10:06:41,762 [INFO] IPUIPlugin:80 - create IPUIPlugin
2025-10-20 10:06:41,762 [INFO] PluginManager:220 - loadIPPluginJar : add freertos
2025-10-20 10:06:41,764 [INFO] IPUIPlugin:80 - create IPUIPlugin
2025-10-20 10:06:41,764 [INFO] PluginManager:220 - loadIPPluginJar : add genericplugin
2025-10-20 10:06:41,768 [INFO] IPUIPlugin:80 - create IPUIPlugin
2025-10-20 10:06:41,768 [INFO] PluginManager:220 - loadIPPluginJar : add gfxmmu
2025-10-20 10:06:41,773 [INFO] IPUIPlugin:80 - create IPUIPlugin
2025-10-20 10:06:41,775 [INFO] PluginManager:220 - loadIPPluginJar : add gic
2025-10-20 10:06:41,779 [INFO] IPUIPlugin:80 - create IPUIPlugin
2025-10-20 10:06:41,779 [INFO] PluginManager:220 - loadIPPluginJar : add gpio
2025-10-20 10:06:41,785 [INFO] IPUIPlugin:80 - create IPUIPlugin
2025-10-20 10:06:41,785 [INFO] PluginManager:220 - loadIPPluginJar : add gtzc
2025-10-20 10:06:41,789 [INFO] IPUIPlugin:80 - create IPUIPlugin
2025-10-20 10:06:41,789 [INFO] PluginManager:220 - loadIPPluginJar : add hash
2025-10-20 10:06:41,793 [INFO] IPUIPlugin:80 - create IPUIPlugin
2025-10-20 10:06:41,793 [INFO] PluginManager:220 - loadIPPluginJar : add i2c
2025-10-20 10:06:41,798 [INFO] IPUIPlugin:80 - create IPUIPlugin
2025-10-20 10:06:41,798 [INFO] PluginManager:220 - loadIPPluginJar : add i2s
2025-10-20 10:06:41,801 [INFO] IPUIPlugin:80 - create IPUIPlugin
2025-10-20 10:06:41,801 [INFO] PluginManager:220 - loadIPPluginJar : add i3c
2025-10-20 10:06:41,804 [INFO] IPUIPlugin:80 - create IPUIPlugin
2025-10-20 10:06:41,804 [INFO] PluginManager:220 - loadIPPluginJar : add ipddr
2025-10-20 10:06:41,811 [INFO] IPUIPlugin:80 - create IPUIPlugin
2025-10-20 10:06:41,812 [INFO] PluginManager:220 - loadIPPluginJar : add linkedlist
2025-10-20 10:06:41,816 [INFO] IPUIPlugin:80 - create IPUIPlugin
2025-10-20 10:06:41,816 [INFO] PluginManager:220 - loadIPPluginJar : add lorawan
2025-10-20 10:06:41,818 [INFO] IPUIPlugin:80 - create IPUIPlugin
2025-10-20 10:06:41,818 [INFO] PluginManager:220 - loadIPPluginJar : add ltdc
2025-10-20 10:06:41,824 [INFO] IPUIPlugin:80 - create IPUIPlugin
2025-10-20 10:06:41,825 [INFO] PluginManager:220 - loadIPPluginJar : add mdma
2025-10-20 10:06:41,829 [INFO] IPUIPlugin:80 - create IPUIPlugin
2025-10-20 10:06:41,829 [INFO] PluginManager:220 - loadIPPluginJar : add nvic
2025-10-20 10:06:41,832 [INFO] IPUIPlugin:80 - create IPUIPlugin
2025-10-20 10:06:41,832 [INFO] PluginManager:220 - loadIPPluginJar : add opamp
2025-10-20 10:06:41,836 [INFO] IPUIPlugin:80 - create IPUIPlugin
2025-10-20 10:06:41,836 [INFO] PluginManager:220 - loadIPPluginJar : add openamp
2025-10-20 10:06:41,841 [INFO] IPUIPlugin:80 - create IPUIPlugin
2025-10-20 10:06:41,841 [INFO] PluginManager:220 - loadIPPluginJar : add pdm2pcm
2025-10-20 10:06:41,847 [INFO] IPUIPlugin:80 - create IPUIPlugin
2025-10-20 10:06:41,851 [INFO] PluginManager:220 - loadIPPluginJar : add plateformsettings
2025-10-20 10:06:41,852 [INFO] IPUIPlugin:80 - create IPUIPlugin
2025-10-20 10:06:41,853 [INFO] PluginManager:220 - loadIPPluginJar : add quadspi
2025-10-20 10:06:41,855 [INFO] IPUIPlugin:80 - create IPUIPlugin
2025-10-20 10:06:41,856 [INFO] PluginManager:220 - loadIPPluginJar : add radio
2025-10-20 10:06:41,858 [INFO] IPUIPlugin:80 - create IPUIPlugin
2025-10-20 10:06:41,859 [INFO] PluginManager:220 - loadIPPluginJar : add resmgrutility
2025-10-20 10:06:41,862 [INFO] IPUIPlugin:80 - create IPUIPlugin
2025-10-20 10:06:41,862 [INFO] PluginManager:220 - loadIPPluginJar : add sai
2025-10-20 10:06:41,864 [INFO] IPUIPlugin:80 - create IPUIPlugin
2025-10-20 10:06:41,865 [INFO] PluginManager:220 - loadIPPluginJar : add spi
2025-10-20 10:06:41,869 [INFO] IPUIPlugin:80 - create IPUIPlugin
2025-10-20 10:06:41,869 [INFO] PluginManager:220 - loadIPPluginJar : add stm32_wpan
2025-10-20 10:06:41,871 [INFO] IPUIPlugin:80 - create IPUIPlugin
2025-10-20 10:06:41,871 [INFO] PluginManager:220 - loadIPPluginJar : add tim
2025-10-20 10:06:41,874 [INFO] IPUIPlugin:80 - create IPUIPlugin
2025-10-20 10:06:41,874 [INFO] PluginManager:220 - loadIPPluginJar : add touchsensing
2025-10-20 10:06:41,876 [INFO] IPUIPlugin:80 - create IPUIPlugin
2025-10-20 10:06:41,876 [INFO] PluginManager:220 - loadIPPluginJar : add tracer_emb
2025-10-20 10:06:41,878 [INFO] IPUIPlugin:80 - create IPUIPlugin
2025-10-20 10:06:41,879 [INFO] PluginManager:220 - loadIPPluginJar : add ts
2025-10-20 10:06:41,882 [INFO] IPUIPlugin:80 - create IPUIPlugin
2025-10-20 10:06:41,882 [INFO] PluginManager:220 - loadIPPluginJar : add tsc
2025-10-20 10:06:41,885 [INFO] IPUIPlugin:80 - create IPUIPlugin
2025-10-20 10:06:41,885 [INFO] PluginManager:220 - loadIPPluginJar : add ucpd
2025-10-20 10:06:41,888 [INFO] IPUIPlugin:80 - create IPUIPlugin
2025-10-20 10:06:41,888 [INFO] PluginManager:220 - loadIPPluginJar : add usart
2025-10-20 10:06:41,891 [INFO] IPUIPlugin:80 - create IPUIPlugin
2025-10-20 10:06:41,891 [INFO] PluginManager:220 - loadIPPluginJar : add usbx
2025-10-20 10:06:42,035 [FATAL] Updater:351 - Updater called before beeing initialized
2025-10-20 10:06:42,069 [INFO] RulesReader:64 - Compatibility file has been processed (317 Rules)
2025-10-20 10:06:42,083 [INFO] RulesReader:64 - Compatibility file has been processed (317 Rules)
2025-10-20 10:06:42,092 [INFO] CADModel:165 - CPN selected for project level
2025-10-20 10:06:42,092 [INFO] CADModel:114 - Register for checkConnection events
2025-10-20 10:06:42,092 [FATAL] Updater:351 - Updater called before beeing initialized
2025-10-20 10:06:42,092 [ERROR] CADModel:125 - Updater not yet initialized, retry later 
2025-10-20 10:06:42,242 [FATAL] Updater:351 - Updater called before beeing initialized
2025-10-20 10:06:42,243 [INFO] CADModel:165 - CPN selected for project level
2025-10-20 10:06:42,243 [INFO] CADModel:114 - Register for checkConnection events
2025-10-20 10:06:42,243 [FATAL] Updater:351 - Updater called before beeing initialized
2025-10-20 10:06:42,243 [ERROR] CADModel:125 - Updater not yet initialized, retry later 
2025-10-20 10:06:42,247 [FATAL] Updater:351 - Updater called before beeing initialized
2025-10-20 10:06:42,372 [FATAL] Updater:351 - Updater called before beeing initialized
2025-10-20 10:06:42,376 [INFO] DbMcusAds:53 - JSON generation date=Thu Oct 02 05:36:05 EDT 2025 (1759397765645)
2025-10-20 10:06:42,376 [FATAL] Updater:351 - Updater called before beeing initialized
2025-10-20 10:06:42,413 [WARN] DetailPanel:346 - Failed to get advertising image, set to default
2025-10-20 10:06:42,492 [FATAL] Updater:351 - Updater called before beeing initialized
2025-10-20 10:06:42,494 [FATAL] Updater:351 - Updater called before beeing initialized
2025-10-20 10:06:42,494 [FATAL] Updater:351 - Updater called before beeing initialized
2025-10-20 10:06:42,494 [WARN] DetailPanel:346 - Failed to get advertising image, set to default
2025-10-20 10:06:42,495 [FATAL] Updater:351 - Updater called before beeing initialized
2025-10-20 10:06:42,537 [ERROR] Updater:1198 - MainUpdater not yet initialized. External WinMGr cannot be set.
2025-10-20 10:06:42,539 [INFO] Updater:1134 - Updater Version found : 6.15.0
2025-10-20 10:06:42,554 [INFO] ApplicationProperties:184 - Using Application install path: C:\ST\STM32CubeIDE_1.19.0\STM32CubeIDE\plugins\com.st.stm32cube.common.mx_6.15.0.202507011659
2025-10-20 10:06:44,085 [INFO] ThirdPartyUpdaterWithRetryManager:70 - Updater plugin not ready yet. [2/15]
2025-10-20 10:06:44,124 [ERROR] LogOutputStream:75 - [STDERR_REDIRECT] Oct 20, 2025 10:06:44 AM java.util.prefs.WindowsPreferences <init>
2025-10-20 10:06:44,126 [ERROR] LogOutputStream:75 - [STDERR_REDIRECT] WARNING: Could not open/create prefs root node Software\JavaSoft\Prefs at root 0xffffffff80000002. Windows RegCreateKeyEx(...) returned error code 5.
2025-10-20 10:06:44,126 [ERROR] LogOutputStream:75 - [STDERR_REDIRECT] 
2025-10-20 10:06:44,355 [INFO] MainUpdater:2872 - connection check result : 10
2025-10-20 10:06:44,355 [INFO] MainUpdater:289 - Updater Check For Update Now.
2025-10-20 10:06:44,355 [INFO] MicroXplorer:498 - Change Database Version : DB.6.0.150
2025-10-20 10:06:44,362 [INFO] McuFinderGlobals:63 - Set McuFinder mode to 2 (CubeIDE integrated)
2025-10-20 10:06:44,363 [INFO] UserAuth:487 - Internet connection configuration mode: 1
2025-10-20 10:06:44,382 [INFO] JxBrowserEngine:152 - Initiate JxBrowser Engine with user profile folder
2025-10-20 10:06:44,571 [INFO] CheckServerUpdateThread:120 - End of CheckServer Thread
2025-10-20 10:06:45,065 [INFO] WebApp:169 - Instantiating new browser for Auth
2025-10-20 10:06:45,821 [INFO] WebApp:463 - Apply proxy settings
2025-10-20 10:06:45,823 [INFO] WebApp:548 - Chromium requires no authentication
2025-10-20 10:06:45,832 [INFO] WebApp:491 - Direct internet connection detected
2025-10-20 10:06:45,873 [INFO] WebApp:900 - Register for checkConnection events
2025-10-20 10:06:45,874 [INFO] WebApp:463 - Apply proxy settings
2025-10-20 10:06:45,874 [INFO] WebApp:548 - Chromium requires no authentication
2025-10-20 10:06:45,874 [INFO] WebApp:491 - Direct internet connection detected
2025-10-20 10:06:46,023 [INFO] WebApp:225 - Starting web application
2025-10-20 10:06:46,024 [INFO] WebApp:593 - Web application path used C:\ST\STM32CubeIDE_1.19.0\STM32CubeIDE\plugins\com.st.stm32cube.common.mx_6.15.0.202507011659\db\plugins\mcufinder\reactClient1\index.html
2025-10-20 10:06:46,149 [INFO] UserAuth:487 - Internet connection configuration mode: 1
2025-10-20 10:06:46,188 [INFO] WebApp:191 - Connection restablished
2025-10-20 10:06:47,349 [WARN] PackLoader:240 - Cannot read IP mode file for STMicroelectronics.FP-SNS-MOTENVWB1.1.4.0
2025-10-20 10:06:47,362 [WARN] PackLoader:240 - Cannot read IP mode file for STMicroelectronics.FP-ATR-ASTRA1.2.0.2
2025-10-20 10:06:47,367 [WARN] PackLoader:240 - Cannot read IP mode file for STMicroelectronics.FP-ATR-ASTRA1.2.0.1
2025-10-20 10:06:47,384 [WARN] PackLoader:240 - Cannot read IP mode file for STMicroelectronics.X-CUBE-SMBUS.2.1.0
2025-10-20 10:06:47,395 [WARN] PackLoader:240 - Cannot read IP mode file for STMicroelectronics.X-CUBE-WB05N.1.1.0
2025-10-20 10:06:47,441 [WARN] PackLoader:240 - Cannot read IP mode file for STMicroelectronics.X-CUBE-ST60.1.0.0
2025-10-20 10:06:47,491 [WARN] PackLoader:240 - Cannot read IP mode file for STMicroelectronics.X-CUBE-AZRTOS-F7.1.1.0
2025-10-20 10:06:47,512 [WARN] PackLoader:240 - Cannot read IP mode file for STMicroelectronics.FP-SNS-FLIGHT1.5.0.2
2025-10-20 10:06:47,559 [WARN] PackLoader:240 - Cannot read IP mode file for Infineon.AIROC-Wi-Fi-Bluetooth-STM32.1.7.0
2025-10-20 10:06:47,600 [WARN] PackLoader:240 - Cannot read IP mode file for STMicroelectronics.X-CUBE-AZRTOS-H7.3.4.0
2025-10-20 10:06:47,614 [WARN] PackLoader:240 - Cannot read IP mode file for STMicroelectronics.X-CUBE-DISPLAY.3.0.0
2025-10-20 10:06:47,627 [WARN] PackLoader:240 - Cannot read IP mode file for STMicroelectronics.X-CUBE-BLE1.7.0.0
2025-10-20 10:06:47,638 [WARN] PackLoader:240 - Cannot read IP mode file for STMicroelectronics.X-CUBE-NFC10.1.0.0
2025-10-20 10:06:47,651 [WARN] PackLoader:240 - Cannot read IP mode file for STMicroelectronics.X-CUBE-BLEMGR.4.0.0
2025-10-20 10:06:47,659 [WARN] PackLoader:240 - Cannot read IP mode file for STMicroelectronics.X-CUBE-ST60.1.1.0
2025-10-20 10:06:47,668 [WARN] PackLoader:240 - Cannot read IP mode file for emotas.I-CUBE-CANOPEN.1.3.0
2025-10-20 10:06:47,676 [WARN] PackLoader:240 - Cannot read IP mode file for STMicroelectronics.FP-SNS-STBOX1.2.1.0
2025-10-20 10:06:47,684 [WARN] PackLoader:240 - Cannot read IP mode file for STMicroelectronics.FP-SNS-SMARTAG2.1.2.0
2025-10-20 10:06:47,687 [WARN] PackLoader:240 - Cannot read IP mode file for STMicroelectronics.FP-SNS-FLIGHT1.5.1.0
2025-10-20 10:06:47,747 [WARN] PackLoader:240 - Cannot read IP mode file for STMicroelectronics.X-CUBE-MEMS1.11.1.0
2025-10-20 10:06:47,936 [INFO] LogOutputStream:77 - [STDOUT_REDIRECT] 1 : Invalid condition id : UX_CORESTACK_Condition cause : null
2025-10-20 10:06:47,937 [INFO] LogOutputStream:77 - [STDOUT_REDIRECT] 1 : Invalid condition id : UX_CORESTACK_Condition cause : null
2025-10-20 10:06:47,939 [INFO] LogOutputStream:77 - [STDOUT_REDIRECT] 1 : Invalid condition id : UX_CORESTACK_Condition cause : null
2025-10-20 10:06:47,941 [INFO] LogOutputStream:77 - [STDOUT_REDIRECT] 1 : Invalid condition id : UX_CORESTACK_Condition cause : null
2025-10-20 10:06:47,943 [INFO] LogOutputStream:77 - [STDOUT_REDIRECT] 1 : Invalid condition id : UX_CORESTACK_Condition cause : null
2025-10-20 10:06:47,947 [WARN] PackLoader:240 - Cannot read IP mode file for STMicroelectronics.X-CUBE-AZRTOS-WL.2.0.0
2025-10-20 10:06:47,976 [WARN] PackLoader:240 - Cannot read IP mode file for STMicroelectronics.FP-SNS-MOTENV1.5.0.0
2025-10-20 10:06:47,983 [WARN] PackLoader:240 - Cannot read IP mode file for wolfSSL.I-CUBE-wolfMQTT.1.19.0
2025-10-20 10:06:47,998 [WARN] PackLoader:240 - Cannot read IP mode file for WES.I-CUBE-Cesium.1.3.0
2025-10-20 10:06:48,004 [WARN] PackLoader:240 - Cannot read IP mode file for STMicroelectronics.X-CUBE-BLE2.3.3.0
2025-10-20 10:06:48,017 [WARN] PackLoader:240 - Cannot read IP mode file for STMicroelectronics.X-CUBE-NFC9.1.0.0
2025-10-20 10:06:48,023 [WARN] PackLoader:240 - Cannot read IP mode file for STMicroelectronics.X-CUBE-BLE1.7.1.0
2025-10-20 10:06:48,035 [WARN] PackLoader:240 - Cannot read IP mode file for STMicroelectronics.X-CUBE-EEPRMA1.5.2.0
2025-10-20 10:06:48,044 [WARN] PackLoader:240 - Cannot read IP mode file for STMicroelectronics.X-CUBE-ST67W61.1.1.0
2025-10-20 10:06:48,063 [WARN] PackLoader:240 - Cannot read IP mode file for STMicroelectronics.X-CUBE-AZRTOS-G0.1.1.0
2025-10-20 10:06:48,072 [WARN] PackLoader:240 - Cannot read IP mode file for STMicroelectronics.X-CUBE-SAFEA1.1.2.2
2025-10-20 10:06:48,081 [WARN] PackLoader:240 - Cannot read IP mode file for STMicroelectronics.X-CUBE-NFC4.3.0.0
2025-10-20 10:06:48,092 [WARN] PackLoader:240 - Cannot read IP mode file for EmbeddedOffice.I-CUBE-FS-RTOS.1.0.1
2025-10-20 10:06:48,098 [WARN] PackLoader:240 - Cannot read IP mode file for STMicroelectronics.X-CUBE-WB05N.2.0.0
2025-10-20 10:06:48,105 [WARN] PackLoader:240 - Cannot read IP mode file for STMicroelectronics.X-CUBE-TCPP.4.2.0
2025-10-20 10:06:48,111 [WARN] PackLoader:240 - Cannot read IP mode file for RealThread.X-CUBE-RT-Thread_Nano.4.1.1
2025-10-20 10:06:48,115 [WARN] PackLoader:240 - Cannot read IP mode file for STMicroelectronics.FP-ATR-SIGFOX1.3.2.0
2025-10-20 10:06:48,120 [WARN] ConditionMgr:438 - getConditionDescription Invalid condition id : Cortex-A Device cause : null
2025-10-20 10:06:48,141 [WARN] ConditionMgr:1044 - genDependencies : Invalid condition id : Cortex-A Device cause : null
2025-10-20 10:06:48,142 [WARN] ConditionMgr:1044 - genDependencies : Invalid condition id : Cortex-A Device cause : null
2025-10-20 10:06:48,142 [WARN] ConditionMgr:1044 - genDependencies : Invalid condition id : Cortex-A Device cause : null
2025-10-20 10:06:48,148 [WARN] PackLoader:240 - Cannot read IP mode file for STMicroelectronics.X-CUBE-EEPRMA1.5.1.0
2025-10-20 10:06:48,166 [WARN] PackLoader:240 - Cannot read IP mode file for wolfSSL.I-CUBE-wolfSSL.5.7.4
2025-10-20 10:06:48,174 [WARN] PackLoader:240 - Cannot read IP mode file for ITTIA_DB.I-CUBE-ITTIADB.8.9.0
2025-10-20 10:06:48,179 [WARN] PackLoader:240 - Cannot read IP mode file for STMicroelectronics.X-CUBE-ST67W61.1.0.0
2025-10-20 10:06:48,183 [WARN] PackLoader:240 - Cannot read IP mode file for STMicroelectronics.X-CUBE-AI.10.2.0
2025-10-20 10:06:48,209 [WARN] PackLoader:240 - Cannot read IP mode file for SEGGER.I-CUBE-embOS.1.3.1
2025-10-20 10:06:48,245 [WARN] PackLoader:240 - Cannot read IP mode file for STMicroelectronics.X-CUBE-ALGOBUILD.1.4.0
2025-10-20 10:06:48,290 [WARN] PackLoader:240 - Cannot read IP mode file for STMicroelectronics.X-CUBE-MEMS1.11.3.0
2025-10-20 10:06:48,406 [WARN] PackLoader:240 - Cannot read IP mode file for STMicroelectronics.X-CUBE-AI.9.1.0
2025-10-20 10:06:48,409 [WARN] PackLoader:240 - Cannot read IP mode file for STMicroelectronics.X-CUBE-PM33A1.1.0.0
2025-10-20 10:06:48,423 [WARN] PackLoader:240 - Cannot read IP mode file for STMicroelectronics.X-CUBE-AZRTOS-F4.1.1.0
2025-10-20 10:06:48,429 [WARN] PackLoader:240 - Cannot read IP mode file for STMicroelectronics.X-CUBE-ISPU.2.1.0
2025-10-20 10:06:48,437 [WARN] PackLoader:240 - Cannot read IP mode file for STMicroelectronics.X-CUBE-IPS.3.2.0
2025-10-20 10:06:48,451 [WARN] PackLoader:240 - Cannot read IP mode file for STMicroelectronics.X-CUBE-NFC12.1.0.0
2025-10-20 10:06:48,477 [WARN] PackLoader:240 - Cannot read IP mode file for STMicroelectronics.X-CUBE-AZRTOS-L5.2.0.0
2025-10-20 10:06:48,488 [WARN] PackLoader:240 - Cannot read IP mode file for STMicroelectronics.X-CUBE-NFC6.3.1.0
2025-10-20 10:06:48,496 [WARN] PackLoader:240 - Cannot read IP mode file for STMicroelectronics.X-CUBE-DPower.1.2.0
2025-10-20 10:06:48,503 [WARN] PackLoader:240 - Cannot read IP mode file for STMicroelectronics.X-CUBE-FREERTOS.1.3.1
2025-10-20 10:06:48,508 [WARN] PackLoader:240 - Cannot read IP mode file for STMicroelectronics.X-CUBE-FREERTOS.1.3.0
2025-10-20 10:06:48,515 [WARN] PackLoader:240 - Cannot read IP mode file for STMicroelectronics.X-CUBE-NFC7.1.0.1
2025-10-20 10:06:48,523 [WARN] PackLoader:240 - Cannot read IP mode file for STMicroelectronics.X-CUBE-TOUCHGFX.4.26.0
2025-10-20 10:06:48,618 [WARN] PackLoader:240 - Cannot read IP mode file for STMicroelectronics.FP-SNS-STAIOTCFT.1.0.0
2025-10-20 10:06:48,623 [WARN] PackLoader:240 - Cannot read IP mode file for STMicroelectronics.X-CUBE-DPower.1.3.0
2025-10-20 10:06:48,649 [WARN] ConditionMgr:438 - getConditionDescription Invalid condition id : LAN8742 Phy interface Condition cause : null
2025-10-20 10:06:48,650 [WARN] PackLoader:240 - Cannot read IP mode file for STMicroelectronics.X-CUBE-AZRTOS-L4.2.0.0
2025-10-20 10:06:48,652 [WARN] ConditionMgr:1044 - genDependencies : Invalid condition id : LAN8742 Phy interface Condition cause : null
2025-10-20 10:06:48,652 [WARN] ConditionMgr:1044 - genDependencies : Invalid condition id : LAN8742 Phy interface Condition cause : null
2025-10-20 10:06:48,653 [WARN] ConditionMgr:1044 - genDependencies : Invalid condition id : LAN8742 Phy interface Condition cause : null
2025-10-20 10:06:48,667 [WARN] PackLoader:240 - Cannot read IP mode file for STMicroelectronics.X-CUBE-SFXS2LP1.4.0.0
2025-10-20 10:06:48,700 [WARN] PackLoader:240 - Cannot read IP mode file for STMicroelectronics.X-CUBE-AZRTOS-H7.3.3.0
2025-10-20 10:06:48,715 [WARN] PackLoader:240 - Cannot read IP mode file for STMicroelectronics.X-CUBE-BLEMGR.4.1.0
2025-10-20 10:06:48,735 [WARN] ConditionMgr:438 - getConditionDescription Invalid condition id : UX DEVICE CLASS RTOS Condition cause : null
2025-10-20 10:06:48,735 [WARN] ConditionMgr:438 - getConditionDescription Invalid condition id : UX DEVICE CLASS RTOS Condition cause : null
2025-10-20 10:06:48,737 [WARN] PackLoader:240 - Cannot read IP mode file for STMicroelectronics.X-CUBE-AZRTOS-WB.2.0.0
2025-10-20 10:06:48,738 [WARN] ConditionMgr:1044 - genDependencies : Invalid condition id : UX DEVICE CLASS RTOS Condition cause : null
2025-10-20 10:06:48,738 [WARN] ConditionMgr:1044 - genDependencies : Invalid condition id : UX DEVICE CLASS RTOS Condition cause : null
2025-10-20 10:06:48,739 [WARN] ConditionMgr:1044 - genDependencies : Invalid condition id : UX DEVICE CLASS RTOS Condition cause : null
2025-10-20 10:06:48,739 [WARN] ConditionMgr:1044 - genDependencies : Invalid condition id : UX DEVICE CLASS RTOS Condition cause : null
2025-10-20 10:06:48,739 [WARN] ConditionMgr:1044 - genDependencies : Invalid condition id : UX DEVICE CLASS RTOS Condition cause : null
2025-10-20 10:06:48,747 [WARN] PackLoader:240 - Cannot read IP mode file for STMicroelectronics.X-CUBE-GNSS1.7.0.1
2025-10-20 10:06:48,753 [WARN] PackLoader:240 - Cannot read IP mode file for STMicroelectronics.FP-SNS-STBOX1.2.0.0
2025-10-20 10:06:48,769 [WARN] PackLoader:240 - Cannot read IP mode file for STMicroelectronics.X-CUBE-SUBG2.5.0.0
2025-10-20 10:06:48,826 [WARN] PackLoader:240 - Cannot read IP mode file for STMicroelectronics.X-CUBE-AZRTOS-H7RS.1.1.0
2025-10-20 10:06:48,892 [WARN] PackLoader:240 - Cannot read IP mode file for Cesanta.I-CUBE-Mongoose.7.13.0
2025-10-20 10:06:48,941 [WARN] PackLoader:240 - Cannot read IP mode file for STMicroelectronics.X-CUBE-AZRTOS-G4.2.0.0
2025-10-20 10:06:48,976 [WARN] PackLoader:240 - Cannot read IP mode file for STMicroelectronics.X-CUBE-NFC7.2.0.0
2025-10-20 10:06:49,044 [WARN] PackLoader:240 - Cannot read IP mode file for STMicroelectronics.X-CUBE-IPS.3.1.0
2025-10-20 10:06:49,113 [WARN] PackLoader:240 - Cannot read IP mode file for STMicroelectronics.X-CUBE-ALS.1.0.2
2025-10-20 10:06:49,124 [WARN] PackLoader:240 - Cannot read IP mode file for STMicroelectronics.X-CUBE-TOUCHGFX.4.24.2
2025-10-20 10:06:49,153 [WARN] PackLoader:240 - Cannot read IP mode file for STMicroelectronics.X-CUBE-STSE01.1.0.0
2025-10-20 10:06:49,199 [WARN] PackLoader:240 - Cannot read IP mode file for wolfSSL.I-CUBE-wolfTPM.3.4.0
2025-10-20 10:06:49,225 [WARN] PackLoader:240 - Cannot read IP mode file for portGmbH.I-Cube-SoM-uGOAL.1.1.0
2025-10-20 10:06:49,248 [WARN] PackLoader:240 - Cannot read IP mode file for STMicroelectronics.X-CUBE-AZRTOS-H7RS.1.0.0
2025-10-20 10:06:49,298 [WARN] PackLoader:240 - Cannot read IP mode file for STMicroelectronics.X-CUBE-TOF1.3.4.2
2025-10-20 10:06:49,359 [WARN] PackLoader:240 - Cannot read IP mode file for STMicroelectronics.X-CUBE-TOF1.3.4.3
2025-10-20 10:06:49,388 [WARN] PackLoader:240 - Cannot read IP mode file for wolfSSL.I-CUBE-wolfSSH.1.4.17
2025-10-20 10:06:49,389 [INFO] ThirdParty:978 - Integrity check success = true
2025-10-20 10:06:49,390 [INFO] IntegrityCheckThread:100 - exiting critical section [integrity check]
2025-10-20 10:06:49,390 [INFO] IntegrityCheckThread:103 - End integrity checks thread
